<?xml version="1.0" encoding="UTF-8"?>
<testsuite name="ru.stqa.pft.mantis.tests.ChangePasswordTests" tests="1" skipped="0" failures="0" errors="0" timestamp="2020-12-11T07:15:18" hostname="LAPTOP-4HRQGNJF" time="12.518">
  <properties/>
  <testcase name="testChangePassword" classname="ru.stqa.pft.mantis.tests.ChangePasswordTests" time="12.518"/>
  <system-out><![CDATA[13:15:18.930 [Test worker] DEBUG o.s.smtp.server.CommandHandler - Added command: AUTH
13:15:18.938 [Test worker] DEBUG o.s.smtp.server.CommandHandler - Added command: DATA
13:15:18.938 [Test worker] DEBUG o.s.smtp.server.CommandHandler - Added command: EHLO
13:15:18.938 [Test worker] DEBUG o.s.smtp.server.CommandHandler - Added command: HELO
13:15:18.938 [Test worker] DEBUG o.s.smtp.server.CommandHandler - Added command: HELP
13:15:18.938 [Test worker] DEBUG o.s.smtp.server.CommandHandler - Added command: MAIL
13:15:18.938 [Test worker] DEBUG o.s.smtp.server.CommandHandler - Added command: NOOP
13:15:18.938 [Test worker] DEBUG o.s.smtp.server.CommandHandler - Added command: QUIT
13:15:18.938 [Test worker] DEBUG o.s.smtp.server.CommandHandler - Added command: RCPT
13:15:18.938 [Test worker] DEBUG o.s.smtp.server.CommandHandler - Added command: RSET
13:15:18.938 [Test worker] DEBUG o.s.smtp.server.CommandHandler - Added command: STARTTLS
13:15:18.938 [Test worker] DEBUG o.s.smtp.server.CommandHandler - Added command: VRFY
13:15:18.938 [Test worker] INFO  o.subethamail.smtp.server.SMTPServer - SMTP server *:25 starting
13:15:18.945 [org.subethamail.smtp.server.ServerThread *:25] INFO  o.s.smtp.server.ServerThread - SMTP server *:25 started
13:15:19.313 [Test worker] DEBUG i.n.u.i.l.InternalLoggerFactory - Using SLF4J as the default logging framework
13:15:19.313 [Test worker] DEBUG io.netty.util.ResourceLeakDetector - -Dio.netty.leakDetection.level: simple
13:15:19.313 [Test worker] DEBUG io.netty.util.ResourceLeakDetector - -Dio.netty.leakDetection.targetRecords: 4
13:15:19.321 [Test worker] DEBUG i.n.util.ResourceLeakDetectorFactory - Loaded default ResourceLeakDetector: io.netty.util.ResourceLeakDetector@5ba2a51e
13:15:19.346 [Test worker] DEBUG i.n.util.internal.PlatformDependent - Platform: Windows
13:15:19.346 [Test worker] DEBUG i.n.util.internal.PlatformDependent0 - -Dio.netty.noUnsafe: false
13:15:19.346 [Test worker] DEBUG i.n.util.internal.PlatformDependent0 - Java version: 8
13:15:19.354 [Test worker] DEBUG i.n.util.internal.PlatformDependent0 - sun.misc.Unsafe.theUnsafe: available
13:15:19.354 [Test worker] DEBUG i.n.util.internal.PlatformDependent0 - sun.misc.Unsafe.copyMemory: available
13:15:19.354 [Test worker] DEBUG i.n.util.internal.PlatformDependent0 - java.nio.Buffer.address: available
13:15:19.354 [Test worker] DEBUG i.n.util.internal.PlatformDependent0 - direct buffer constructor: available
13:15:19.354 [Test worker] DEBUG i.n.util.internal.PlatformDependent0 - java.nio.Bits.unaligned: available, true
13:15:19.354 [Test worker] DEBUG i.n.util.internal.PlatformDependent0 - jdk.internal.misc.Unsafe.allocateUninitializedArray(int): unavailable prior to Java9
13:15:19.354 [Test worker] DEBUG i.n.util.internal.PlatformDependent0 - java.nio.DirectByteBuffer.<init>(long, int): available
13:15:19.354 [Test worker] DEBUG i.n.util.internal.PlatformDependent - sun.misc.Unsafe: available
13:15:19.362 [Test worker] DEBUG i.n.util.internal.PlatformDependent - -Dio.netty.tmpdir: C:\Users\balti\AppData\Local\Temp (java.io.tmpdir)
13:15:19.362 [Test worker] DEBUG i.n.util.internal.PlatformDependent - -Dio.netty.bitMode: 64 (sun.arch.data.model)
13:15:19.362 [Test worker] DEBUG i.n.util.internal.PlatformDependent - -Dio.netty.maxDirectMemory: 477626368 bytes
13:15:19.362 [Test worker] DEBUG i.n.util.internal.PlatformDependent - -Dio.netty.uninitializedArrayAllocationThreshold: -1
13:15:19.362 [Test worker] DEBUG io.netty.util.internal.CleanerJava6 - java.nio.ByteBuffer.cleaner(): available
13:15:19.362 [Test worker] DEBUG i.n.util.internal.PlatformDependent - -Dio.netty.noPreferDirect: false
13:15:19.378 [Test worker] DEBUG i.n.util.internal.PlatformDependent - org.jctools-core.MpscChunkedArrayQueue: available
13:15:20.155 [Test worker] DEBUG io.netty.handler.ssl.JdkSslContext - Default protocols (JDK): [TLSv1.2, TLSv1.1, TLSv1] 
13:15:20.155 [Test worker] DEBUG io.netty.handler.ssl.JdkSslContext - Default cipher suites (JDK): [TLS_ECDHE_ECDSA_WITH_AES_256_GCM_SHA384, TLS_ECDHE_ECDSA_WITH_AES_128_GCM_SHA256, TLS_ECDHE_RSA_WITH_AES_128_GCM_SHA256, TLS_ECDHE_RSA_WITH_AES_256_GCM_SHA384, TLS_ECDHE_RSA_WITH_AES_128_CBC_SHA, TLS_ECDHE_RSA_WITH_AES_256_CBC_SHA, TLS_RSA_WITH_AES_128_GCM_SHA256, TLS_RSA_WITH_AES_128_CBC_SHA, TLS_RSA_WITH_AES_256_CBC_SHA]
13:15:20.199 [Test worker] DEBUG i.n.u.i.InternalThreadLocalMap - -Dio.netty.threadLocalMap.stringBuilder.initialSize: 1024
13:15:20.199 [Test worker] DEBUG i.n.u.i.InternalThreadLocalMap - -Dio.netty.threadLocalMap.stringBuilder.maxSize: 4096
13:15:20.215 [Test worker] DEBUG i.n.c.MultithreadEventLoopGroup - -Dio.netty.eventLoopThreads: 16
13:15:20.247 [Test worker] DEBUG io.netty.channel.nio.NioEventLoop - -Dio.netty.noKeySetOptimization: false
13:15:20.247 [Test worker] DEBUG io.netty.channel.nio.NioEventLoop - -Dio.netty.selectorAutoRebuildThreshold: 512
13:15:20.330 [Test worker] DEBUG i.n.buffer.PooledByteBufAllocator - -Dio.netty.allocator.numHeapArenas: 4
13:15:20.330 [Test worker] DEBUG i.n.buffer.PooledByteBufAllocator - -Dio.netty.allocator.numDirectArenas: 4
13:15:20.330 [Test worker] DEBUG i.n.buffer.PooledByteBufAllocator - -Dio.netty.allocator.pageSize: 8192
13:15:20.330 [Test worker] DEBUG i.n.buffer.PooledByteBufAllocator - -Dio.netty.allocator.maxOrder: 11
13:15:20.330 [Test worker] DEBUG i.n.buffer.PooledByteBufAllocator - -Dio.netty.allocator.chunkSize: 16777216
13:15:20.330 [Test worker] DEBUG i.n.buffer.PooledByteBufAllocator - -Dio.netty.allocator.tinyCacheSize: 512
13:15:20.330 [Test worker] DEBUG i.n.buffer.PooledByteBufAllocator - -Dio.netty.allocator.smallCacheSize: 256
13:15:20.330 [Test worker] DEBUG i.n.buffer.PooledByteBufAllocator - -Dio.netty.allocator.normalCacheSize: 64
13:15:20.338 [Test worker] DEBUG i.n.buffer.PooledByteBufAllocator - -Dio.netty.allocator.maxCachedBufferCapacity: 32768
13:15:20.338 [Test worker] DEBUG i.n.buffer.PooledByteBufAllocator - -Dio.netty.allocator.cacheTrimInterval: 8192
13:15:20.338 [Test worker] DEBUG i.n.buffer.PooledByteBufAllocator - -Dio.netty.allocator.cacheTrimIntervalMillis: 0
13:15:20.338 [Test worker] DEBUG i.n.buffer.PooledByteBufAllocator - -Dio.netty.allocator.useCacheForAllThreads: true
13:15:20.338 [Test worker] DEBUG i.n.buffer.PooledByteBufAllocator - -Dio.netty.allocator.maxCachedByteBuffersPerChunk: 1023
13:15:20.354 [Test worker] DEBUG io.netty.buffer.ByteBufUtil - -Dio.netty.allocator.type: pooled
13:15:20.354 [Test worker] DEBUG io.netty.buffer.ByteBufUtil - -Dio.netty.threadLocalDirectBufferSize: 0
13:15:20.354 [Test worker] DEBUG io.netty.buffer.ByteBufUtil - -Dio.netty.maxThreadLocalCharBufferSize: 16384
13:15:21.716 [Forwarding newSession on session null to remote] DEBUG io.netty.channel.DefaultChannelId - -Dio.netty.processId: 9448 (auto-detected)
13:15:21.716 [Forwarding newSession on session null to remote] DEBUG io.netty.util.NetUtil - -Djava.net.preferIPv4Stack: false
13:15:21.716 [Forwarding newSession on session null to remote] DEBUG io.netty.util.NetUtil - -Djava.net.preferIPv6Addresses: false
13:15:21.951 [Forwarding newSession on session null to remote] DEBUG io.netty.util.NetUtil - Loopback interface: lo (Software Loopback Interface 1, 127.0.0.1)
13:15:21.951 [Forwarding newSession on session null to remote] DEBUG io.netty.util.NetUtil - Failed to get SOMAXCONN from sysctl and file \proc\sys\net\core\somaxconn. Default: 200
13:15:22.154 [Forwarding newSession on session null to remote] DEBUG io.netty.channel.DefaultChannelId - -Dio.netty.machineId: e4:aa:ea:ff:fe:ef:c0:23 (auto-detected)
13:15:22.266 [AsyncHttpClient-3-1] DEBUG io.netty.buffer.AbstractByteBuf - -Dio.netty.buffer.checkAccessible: true
13:15:22.266 [AsyncHttpClient-3-1] DEBUG io.netty.buffer.AbstractByteBuf - -Dio.netty.buffer.checkBounds: true
13:15:22.266 [AsyncHttpClient-3-1] DEBUG i.n.util.ResourceLeakDetectorFactory - Loaded default ResourceLeakDetector: io.netty.util.ResourceLeakDetector@84809aa
13:15:22.306 [AsyncHttpClient-3-1] DEBUG o.a.n.channel.NettyConnectListener - Using new Channel '[id: 0xc5021433, L:/127.0.0.1:53176 - R:localhost/127.0.0.1:3134]' for 'POST' to '/session'
13:15:22.362 [AsyncHttpClient-3-1] DEBUG io.netty.util.Recycler - -Dio.netty.recycler.maxCapacityPerThread: 4096
13:15:22.362 [AsyncHttpClient-3-1] DEBUG io.netty.util.Recycler - -Dio.netty.recycler.maxSharedCapacityFactor: 2
13:15:22.362 [AsyncHttpClient-3-1] DEBUG io.netty.util.Recycler - -Dio.netty.recycler.linkCapacity: 16
13:15:22.362 [AsyncHttpClient-3-1] DEBUG io.netty.util.Recycler - -Dio.netty.recycler.ratio: 8
13:15:25.223 [AsyncHttpClient-3-1] DEBUG o.a.netty.handler.HttpHandler - 

Request DefaultHttpRequest(decodeResult: success, version: HTTP/1.1)
POST /session HTTP/1.1
User-Agent: selenium/4.0.0-alpha-6 (java windows)
Content-Length: 365
Content-Type: application/json; charset=utf-8
host: localhost:3134
accept: */*

Response DefaultHttpResponse(decodeResult: success, version: HTTP/1.1)
HTTP/1.1 200 OK
Content-Length: 716
Content-Type: application/json; charset=utf-8
cache-control: no-cache

13:15:25.241 [AsyncHttpClient-3-1] DEBUG o.a.netty.channel.ChannelManager - Adding key: http://localhost:3134 for channel [id: 0xc5021433, L:/127.0.0.1:53176 - R:localhost/127.0.0.1:3134]
13:15:25.338 [AsyncHttpClient-3-2] DEBUG o.a.n.channel.NettyConnectListener - Using new Channel '[id: 0xe457ff23, L:/127.0.0.1:53190 - R:localhost/127.0.0.1:53180]' for 'GET' to '/json/version'
13:15:25.346 [AsyncHttpClient-3-2] DEBUG o.a.netty.handler.HttpHandler - 

Request DefaultFullHttpRequest(decodeResult: success, version: HTTP/1.1, content: EmptyByteBufBE)
GET /json/version HTTP/1.1
User-Agent: selenium/4.0.0-alpha-6 (java windows)
host: localhost:53180
accept: */*

Response DefaultHttpResponse(decodeResult: success, version: HTTP/1.1)
HTTP/1.1 200 OK
Content-Length: 424
Content-Type: application/json; charset=UTF-8

13:15:25.346 [AsyncHttpClient-3-2] DEBUG o.a.netty.channel.ChannelManager - Adding key: http://localhost:53180 for channel [id: 0xe457ff23, L:/127.0.0.1:53190 - R:localhost/127.0.0.1:53180]
13:15:25.362 [Test worker] DEBUG i.n.util.internal.ThreadLocalRandom - -Dio.netty.initialSeedUniquifier: 0xd6e52af60605d07e
13:15:25.378 [AsyncHttpClient-3-3] DEBUG o.a.n.channel.NettyConnectListener - Using new Channel '[id: 0xe52c37bf, L:/127.0.0.1:53191 - R:localhost/127.0.0.1:53180]' for 'GET' to '/devtools/browser/3d8f4433-5042-499a-965d-10c783dea0eb'
13:15:25.386 [AsyncHttpClient-3-3] DEBUG o.a.netty.handler.WebSocketHandler - 

Request DefaultFullHttpRequest(decodeResult: success, version: HTTP/1.1, content: EmptyByteBufBE)
GET /devtools/browser/3d8f4433-5042-499a-965d-10c783dea0eb HTTP/1.1
upgrade: websocket
connection: upgrade
sec-websocket-key: sfWoKF6YgbrJVgppbEvYzg==
sec-websocket-version: 13
origin: http://localhost:53180
host: localhost:53180
accept: */*
user-agent: AHC/2.1

Response DefaultHttpResponse(decodeResult: success, version: HTTP/1.1)
HTTP/1.1 101 WebSocket Protocol Handshake
Upgrade: WebSocket
Connection: Upgrade
Sec-WebSocket-Accept: wqE7UMiM4uVN4JLY9UetjkrO2qY=

13:15:25.438 [Forwarding setTimeout on session f68485d1803475eaa3fb67b208fad1c7 to remote] DEBUG o.a.netty.request.NettyRequestSender - Using pooled Channel '[id: 0xc5021433, L:/127.0.0.1:53176 - R:localhost/127.0.0.1:3134]' for 'POST' to 'http://localhost:3134/session/f68485d1803475eaa3fb67b208fad1c7/timeouts'
13:15:25.438 [Forwarding setTimeout on session f68485d1803475eaa3fb67b208fad1c7 to remote] DEBUG o.a.netty.request.NettyRequestSender - Using open Channel [id: 0xc5021433, L:/127.0.0.1:53176 - R:localhost/127.0.0.1:3134] for POST '/session/f68485d1803475eaa3fb67b208fad1c7/timeouts'
13:15:25.446 [AsyncHttpClient-3-1] DEBUG o.a.netty.handler.HttpHandler - 

Request DefaultHttpRequest(decodeResult: success, version: HTTP/1.1)
POST /session/f68485d1803475eaa3fb67b208fad1c7/timeouts HTTP/1.1
User-Agent: selenium/4.0.0-alpha-6 (java windows)
Content-Length: 23
Content-Type: application/json; charset=utf-8
host: localhost:3134
accept: */*

Response DefaultHttpResponse(decodeResult: success, version: HTTP/1.1)
HTTP/1.1 200 OK
Content-Length: 14
Content-Type: application/json; charset=utf-8
cache-control: no-cache

13:15:25.446 [AsyncHttpClient-3-1] DEBUG o.a.netty.channel.ChannelManager - Adding key: http://localhost:3134 for channel [id: 0xc5021433, L:/127.0.0.1:53176 - R:localhost/127.0.0.1:3134]
13:15:25.450 [Forwarding get on session f68485d1803475eaa3fb67b208fad1c7 to remote] DEBUG o.a.netty.request.NettyRequestSender - Using pooled Channel '[id: 0xc5021433, L:/127.0.0.1:53176 - R:localhost/127.0.0.1:3134]' for 'POST' to 'http://localhost:3134/session/f68485d1803475eaa3fb67b208fad1c7/url'
13:15:25.450 [Forwarding get on session f68485d1803475eaa3fb67b208fad1c7 to remote] DEBUG o.a.netty.request.NettyRequestSender - Using open Channel [id: 0xc5021433, L:/127.0.0.1:53176 - R:localhost/127.0.0.1:3134] for POST '/session/f68485d1803475eaa3fb67b208fad1c7/url'
13:15:25.590 [AsyncHttpClient-timer-1-1] DEBUG o.a.netty.channel.DefaultChannelPool - Entry count for : http://localhost:53180 : 1
13:15:26.059 [AsyncHttpClient-3-1] DEBUG o.a.netty.handler.HttpHandler - 

Request DefaultHttpRequest(decodeResult: success, version: HTTP/1.1)
POST /session/f68485d1803475eaa3fb67b208fad1c7/url HTTP/1.1
User-Agent: selenium/4.0.0-alpha-6 (java windows)
Content-Length: 62
Content-Type: application/json; charset=utf-8
host: localhost:3134
accept: */*

Response DefaultHttpResponse(decodeResult: success, version: HTTP/1.1)
HTTP/1.1 200 OK
Content-Length: 14
Content-Type: application/json; charset=utf-8
cache-control: no-cache

13:15:26.059 [AsyncHttpClient-3-1] DEBUG o.a.netty.channel.ChannelManager - Adding key: http://localhost:3134 for channel [id: 0xc5021433, L:/127.0.0.1:53176 - R:localhost/127.0.0.1:3134]
13:15:26.067 [Forwarding findElement on session f68485d1803475eaa3fb67b208fad1c7 to remote] DEBUG o.a.netty.request.NettyRequestSender - Using pooled Channel '[id: 0xc5021433, L:/127.0.0.1:53176 - R:localhost/127.0.0.1:3134]' for 'POST' to 'http://localhost:3134/session/f68485d1803475eaa3fb67b208fad1c7/element'
13:15:26.067 [Forwarding findElement on session f68485d1803475eaa3fb67b208fad1c7 to remote] DEBUG o.a.netty.request.NettyRequestSender - Using open Channel [id: 0xc5021433, L:/127.0.0.1:53176 - R:localhost/127.0.0.1:3134] for POST '/session/f68485d1803475eaa3fb67b208fad1c7/element'
13:15:26.091 [AsyncHttpClient-3-1] DEBUG o.a.netty.handler.HttpHandler - 

Request DefaultHttpRequest(decodeResult: success, version: HTTP/1.1)
POST /session/f68485d1803475eaa3fb67b208fad1c7/element HTTP/1.1
User-Agent: selenium/4.0.0-alpha-6 (java windows)
Content-Length: 62
Content-Type: application/json; charset=utf-8
host: localhost:3134
accept: */*

Response DefaultHttpResponse(decodeResult: success, version: HTTP/1.1)
HTTP/1.1 200 OK
Content-Length: 88
Content-Type: application/json; charset=utf-8
cache-control: no-cache

13:15:26.091 [AsyncHttpClient-3-1] DEBUG o.a.netty.channel.ChannelManager - Adding key: http://localhost:3134 for channel [id: 0xc5021433, L:/127.0.0.1:53176 - R:localhost/127.0.0.1:3134]
13:15:26.101 [Forwarding clickElement on session f68485d1803475eaa3fb67b208fad1c7 to remote] DEBUG o.a.netty.request.NettyRequestSender - Using pooled Channel '[id: 0xc5021433, L:/127.0.0.1:53176 - R:localhost/127.0.0.1:3134]' for 'POST' to 'http://localhost:3134/session/f68485d1803475eaa3fb67b208fad1c7/element/cd4a0487-9343-41b0-8409-ad7699f88aa7/click'
13:15:26.101 [Forwarding clickElement on session f68485d1803475eaa3fb67b208fad1c7 to remote] DEBUG o.a.netty.request.NettyRequestSender - Using open Channel [id: 0xc5021433, L:/127.0.0.1:53176 - R:localhost/127.0.0.1:3134] for POST '/session/f68485d1803475eaa3fb67b208fad1c7/element/cd4a0487-9343-41b0-8409-ad7699f88aa7/click'
13:15:26.199 [AsyncHttpClient-3-1] DEBUG o.a.netty.handler.HttpHandler - 

Request DefaultHttpRequest(decodeResult: success, version: HTTP/1.1)
POST /session/f68485d1803475eaa3fb67b208fad1c7/element/cd4a0487-9343-41b0-8409-ad7699f88aa7/click HTTP/1.1
User-Agent: selenium/4.0.0-alpha-6 (java windows)
Content-Length: 50
Content-Type: application/json; charset=utf-8
host: localhost:3134
accept: */*

Response DefaultHttpResponse(decodeResult: success, version: HTTP/1.1)
HTTP/1.1 200 OK
Content-Length: 14
Content-Type: application/json; charset=utf-8
cache-control: no-cache

13:15:26.199 [AsyncHttpClient-3-1] DEBUG o.a.netty.channel.ChannelManager - Adding key: http://localhost:3134 for channel [id: 0xc5021433, L:/127.0.0.1:53176 - R:localhost/127.0.0.1:3134]
13:15:26.203 [Forwarding findElement on session f68485d1803475eaa3fb67b208fad1c7 to remote] DEBUG o.a.netty.request.NettyRequestSender - Using pooled Channel '[id: 0xc5021433, L:/127.0.0.1:53176 - R:localhost/127.0.0.1:3134]' for 'POST' to 'http://localhost:3134/session/f68485d1803475eaa3fb67b208fad1c7/element'
13:15:26.203 [Forwarding findElement on session f68485d1803475eaa3fb67b208fad1c7 to remote] DEBUG o.a.netty.request.NettyRequestSender - Using open Channel [id: 0xc5021433, L:/127.0.0.1:53176 - R:localhost/127.0.0.1:3134] for POST '/session/f68485d1803475eaa3fb67b208fad1c7/element'
13:15:26.221 [AsyncHttpClient-3-1] DEBUG o.a.netty.handler.HttpHandler - 

Request DefaultHttpRequest(decodeResult: success, version: HTTP/1.1)
POST /session/f68485d1803475eaa3fb67b208fad1c7/element HTTP/1.1
User-Agent: selenium/4.0.0-alpha-6 (java windows)
Content-Length: 62
Content-Type: application/json; charset=utf-8
host: localhost:3134
accept: */*

Response DefaultHttpResponse(decodeResult: success, version: HTTP/1.1)
HTTP/1.1 200 OK
Content-Length: 88
Content-Type: application/json; charset=utf-8
cache-control: no-cache

13:15:26.221 [AsyncHttpClient-3-1] DEBUG o.a.netty.channel.ChannelManager - Adding key: http://localhost:3134 for channel [id: 0xc5021433, L:/127.0.0.1:53176 - R:localhost/127.0.0.1:3134]
13:15:26.241 [Forwarding getElementAttribute on session f68485d1803475eaa3fb67b208fad1c7 to remote] DEBUG o.a.netty.request.NettyRequestSender - Using pooled Channel '[id: 0xc5021433, L:/127.0.0.1:53176 - R:localhost/127.0.0.1:3134]' for 'POST' to 'http://localhost:3134/session/f68485d1803475eaa3fb67b208fad1c7/execute/sync'
13:15:26.241 [Forwarding getElementAttribute on session f68485d1803475eaa3fb67b208fad1c7 to remote] DEBUG o.a.netty.request.NettyRequestSender - Using open Channel [id: 0xc5021433, L:/127.0.0.1:53176 - R:localhost/127.0.0.1:3134] for POST '/session/f68485d1803475eaa3fb67b208fad1c7/execute/sync'
13:15:26.270 [AsyncHttpClient-3-1] DEBUG o.a.netty.handler.HttpHandler - 

Request DefaultHttpRequest(decodeResult: success, version: HTTP/1.1)
POST /session/f68485d1803475eaa3fb67b208fad1c7/execute/sync HTTP/1.1
User-Agent: selenium/4.0.0-alpha-6 (java windows)
Content-Length: 39635
Content-Type: application/json; charset=utf-8
host: localhost:3134
accept: */*

Response DefaultHttpResponse(decodeResult: success, version: HTTP/1.1)
HTTP/1.1 200 OK
Content-Length: 12
Content-Type: application/json; charset=utf-8
cache-control: no-cache

13:15:26.274 [AsyncHttpClient-3-1] DEBUG o.a.netty.channel.ChannelManager - Adding key: http://localhost:3134 for channel [id: 0xc5021433, L:/127.0.0.1:53176 - R:localhost/127.0.0.1:3134]
13:15:26.274 [Forwarding findElement on session f68485d1803475eaa3fb67b208fad1c7 to remote] DEBUG o.a.netty.request.NettyRequestSender - Using pooled Channel '[id: 0xc5021433, L:/127.0.0.1:53176 - R:localhost/127.0.0.1:3134]' for 'POST' to 'http://localhost:3134/session/f68485d1803475eaa3fb67b208fad1c7/element'
13:15:26.274 [Forwarding findElement on session f68485d1803475eaa3fb67b208fad1c7 to remote] DEBUG o.a.netty.request.NettyRequestSender - Using open Channel [id: 0xc5021433, L:/127.0.0.1:53176 - R:localhost/127.0.0.1:3134] for POST '/session/f68485d1803475eaa3fb67b208fad1c7/element'
13:15:26.286 [AsyncHttpClient-3-1] DEBUG o.a.netty.handler.HttpHandler - 

Request DefaultHttpRequest(decodeResult: success, version: HTTP/1.1)
POST /session/f68485d1803475eaa3fb67b208fad1c7/element HTTP/1.1
User-Agent: selenium/4.0.0-alpha-6 (java windows)
Content-Length: 62
Content-Type: application/json; charset=utf-8
host: localhost:3134
accept: */*

Response DefaultHttpResponse(decodeResult: success, version: HTTP/1.1)
HTTP/1.1 200 OK
Content-Length: 88
Content-Type: application/json; charset=utf-8
cache-control: no-cache

13:15:26.288 [AsyncHttpClient-3-1] DEBUG o.a.netty.channel.ChannelManager - Adding key: http://localhost:3134 for channel [id: 0xc5021433, L:/127.0.0.1:53176 - R:localhost/127.0.0.1:3134]
13:15:26.291 [Forwarding clearElement on session f68485d1803475eaa3fb67b208fad1c7 to remote] DEBUG o.a.netty.request.NettyRequestSender - Using pooled Channel '[id: 0xc5021433, L:/127.0.0.1:53176 - R:localhost/127.0.0.1:3134]' for 'POST' to 'http://localhost:3134/session/f68485d1803475eaa3fb67b208fad1c7/element/cd4a0487-9343-41b0-8409-ad7699f88aa7/clear'
13:15:26.291 [Forwarding clearElement on session f68485d1803475eaa3fb67b208fad1c7 to remote] DEBUG o.a.netty.request.NettyRequestSender - Using open Channel [id: 0xc5021433, L:/127.0.0.1:53176 - R:localhost/127.0.0.1:3134] for POST '/session/f68485d1803475eaa3fb67b208fad1c7/element/cd4a0487-9343-41b0-8409-ad7699f88aa7/clear'
13:15:26.324 [AsyncHttpClient-3-1] DEBUG o.a.netty.handler.HttpHandler - 

Request DefaultHttpRequest(decodeResult: success, version: HTTP/1.1)
POST /session/f68485d1803475eaa3fb67b208fad1c7/element/cd4a0487-9343-41b0-8409-ad7699f88aa7/clear HTTP/1.1
User-Agent: selenium/4.0.0-alpha-6 (java windows)
Content-Length: 50
Content-Type: application/json; charset=utf-8
host: localhost:3134
accept: */*

Response DefaultHttpResponse(decodeResult: success, version: HTTP/1.1)
HTTP/1.1 200 OK
Content-Length: 14
Content-Type: application/json; charset=utf-8
cache-control: no-cache

13:15:26.324 [AsyncHttpClient-3-1] DEBUG o.a.netty.channel.ChannelManager - Adding key: http://localhost:3134 for channel [id: 0xc5021433, L:/127.0.0.1:53176 - R:localhost/127.0.0.1:3134]
13:15:26.328 [Forwarding findElement on session f68485d1803475eaa3fb67b208fad1c7 to remote] DEBUG o.a.netty.request.NettyRequestSender - Using pooled Channel '[id: 0xc5021433, L:/127.0.0.1:53176 - R:localhost/127.0.0.1:3134]' for 'POST' to 'http://localhost:3134/session/f68485d1803475eaa3fb67b208fad1c7/element'
13:15:26.328 [Forwarding findElement on session f68485d1803475eaa3fb67b208fad1c7 to remote] DEBUG o.a.netty.request.NettyRequestSender - Using open Channel [id: 0xc5021433, L:/127.0.0.1:53176 - R:localhost/127.0.0.1:3134] for POST '/session/f68485d1803475eaa3fb67b208fad1c7/element'
13:15:26.348 [AsyncHttpClient-3-1] DEBUG o.a.netty.handler.HttpHandler - 

Request DefaultHttpRequest(decodeResult: success, version: HTTP/1.1)
POST /session/f68485d1803475eaa3fb67b208fad1c7/element HTTP/1.1
User-Agent: selenium/4.0.0-alpha-6 (java windows)
Content-Length: 62
Content-Type: application/json; charset=utf-8
host: localhost:3134
accept: */*

Response DefaultHttpResponse(decodeResult: success, version: HTTP/1.1)
HTTP/1.1 200 OK
Content-Length: 88
Content-Type: application/json; charset=utf-8
cache-control: no-cache

13:15:26.348 [AsyncHttpClient-3-1] DEBUG o.a.netty.channel.ChannelManager - Adding key: http://localhost:3134 for channel [id: 0xc5021433, L:/127.0.0.1:53176 - R:localhost/127.0.0.1:3134]
13:15:26.364 [Forwarding sendKeysToElement on session f68485d1803475eaa3fb67b208fad1c7 to remote] DEBUG o.a.netty.request.NettyRequestSender - Using pooled Channel '[id: 0xc5021433, L:/127.0.0.1:53176 - R:localhost/127.0.0.1:3134]' for 'POST' to 'http://localhost:3134/session/f68485d1803475eaa3fb67b208fad1c7/element/cd4a0487-9343-41b0-8409-ad7699f88aa7/value'
13:15:26.364 [Forwarding sendKeysToElement on session f68485d1803475eaa3fb67b208fad1c7 to remote] DEBUG o.a.netty.request.NettyRequestSender - Using open Channel [id: 0xc5021433, L:/127.0.0.1:53176 - R:localhost/127.0.0.1:3134] for POST '/session/f68485d1803475eaa3fb67b208fad1c7/element/cd4a0487-9343-41b0-8409-ad7699f88aa7/value'
13:15:26.420 [AsyncHttpClient-3-1] DEBUG o.a.netty.handler.HttpHandler - 

Request DefaultHttpRequest(decodeResult: success, version: HTTP/1.1)
POST /session/f68485d1803475eaa3fb67b208fad1c7/element/cd4a0487-9343-41b0-8409-ad7699f88aa7/value HTTP/1.1
User-Agent: selenium/4.0.0-alpha-6 (java windows)
Content-Length: 211
Content-Type: application/json; charset=utf-8
host: localhost:3134
accept: */*

Response DefaultHttpResponse(decodeResult: success, version: HTTP/1.1)
HTTP/1.1 200 OK
Content-Length: 14
Content-Type: application/json; charset=utf-8
cache-control: no-cache

13:15:26.424 [AsyncHttpClient-3-1] DEBUG o.a.netty.channel.ChannelManager - Adding key: http://localhost:3134 for channel [id: 0xc5021433, L:/127.0.0.1:53176 - R:localhost/127.0.0.1:3134]
13:15:26.424 [Forwarding findElement on session f68485d1803475eaa3fb67b208fad1c7 to remote] DEBUG o.a.netty.request.NettyRequestSender - Using pooled Channel '[id: 0xc5021433, L:/127.0.0.1:53176 - R:localhost/127.0.0.1:3134]' for 'POST' to 'http://localhost:3134/session/f68485d1803475eaa3fb67b208fad1c7/element'
13:15:26.424 [Forwarding findElement on session f68485d1803475eaa3fb67b208fad1c7 to remote] DEBUG o.a.netty.request.NettyRequestSender - Using open Channel [id: 0xc5021433, L:/127.0.0.1:53176 - R:localhost/127.0.0.1:3134] for POST '/session/f68485d1803475eaa3fb67b208fad1c7/element'
13:15:26.440 [AsyncHttpClient-3-1] DEBUG o.a.netty.handler.HttpHandler - 

Request DefaultHttpRequest(decodeResult: success, version: HTTP/1.1)
POST /session/f68485d1803475eaa3fb67b208fad1c7/element HTTP/1.1
User-Agent: selenium/4.0.0-alpha-6 (java windows)
Content-Length: 62
Content-Type: application/json; charset=utf-8
host: localhost:3134
accept: */*

Response DefaultHttpResponse(decodeResult: success, version: HTTP/1.1)
HTTP/1.1 200 OK
Content-Length: 88
Content-Type: application/json; charset=utf-8
cache-control: no-cache

13:15:26.440 [AsyncHttpClient-3-1] DEBUG o.a.netty.channel.ChannelManager - Adding key: http://localhost:3134 for channel [id: 0xc5021433, L:/127.0.0.1:53176 - R:localhost/127.0.0.1:3134]
13:15:26.444 [Forwarding clickElement on session f68485d1803475eaa3fb67b208fad1c7 to remote] DEBUG o.a.netty.request.NettyRequestSender - Using pooled Channel '[id: 0xc5021433, L:/127.0.0.1:53176 - R:localhost/127.0.0.1:3134]' for 'POST' to 'http://localhost:3134/session/f68485d1803475eaa3fb67b208fad1c7/element/9d1f165d-32ea-452b-85a6-65bada9d08d2/click'
13:15:26.444 [Forwarding clickElement on session f68485d1803475eaa3fb67b208fad1c7 to remote] DEBUG o.a.netty.request.NettyRequestSender - Using open Channel [id: 0xc5021433, L:/127.0.0.1:53176 - R:localhost/127.0.0.1:3134] for POST '/session/f68485d1803475eaa3fb67b208fad1c7/element/9d1f165d-32ea-452b-85a6-65bada9d08d2/click'
13:15:26.496 [AsyncHttpClient-3-1] DEBUG o.a.netty.handler.HttpHandler - 

Request DefaultHttpRequest(decodeResult: success, version: HTTP/1.1)
POST /session/f68485d1803475eaa3fb67b208fad1c7/element/9d1f165d-32ea-452b-85a6-65bada9d08d2/click HTTP/1.1
User-Agent: selenium/4.0.0-alpha-6 (java windows)
Content-Length: 50
Content-Type: application/json; charset=utf-8
host: localhost:3134
accept: */*

Response DefaultHttpResponse(decodeResult: success, version: HTTP/1.1)
HTTP/1.1 200 OK
Content-Length: 14
Content-Type: application/json; charset=utf-8
cache-control: no-cache

13:15:26.496 [AsyncHttpClient-3-1] DEBUG o.a.netty.channel.ChannelManager - Adding key: http://localhost:3134 for channel [id: 0xc5021433, L:/127.0.0.1:53176 - R:localhost/127.0.0.1:3134]
13:15:26.500 [Forwarding findElement on session f68485d1803475eaa3fb67b208fad1c7 to remote] DEBUG o.a.netty.request.NettyRequestSender - Using pooled Channel '[id: 0xc5021433, L:/127.0.0.1:53176 - R:localhost/127.0.0.1:3134]' for 'POST' to 'http://localhost:3134/session/f68485d1803475eaa3fb67b208fad1c7/element'
13:15:26.500 [Forwarding findElement on session f68485d1803475eaa3fb67b208fad1c7 to remote] DEBUG o.a.netty.request.NettyRequestSender - Using open Channel [id: 0xc5021433, L:/127.0.0.1:53176 - R:localhost/127.0.0.1:3134] for POST '/session/f68485d1803475eaa3fb67b208fad1c7/element'
13:15:26.512 [AsyncHttpClient-3-1] DEBUG o.a.netty.handler.HttpHandler - 

Request DefaultHttpRequest(decodeResult: success, version: HTTP/1.1)
POST /session/f68485d1803475eaa3fb67b208fad1c7/element HTTP/1.1
User-Agent: selenium/4.0.0-alpha-6 (java windows)
Content-Length: 62
Content-Type: application/json; charset=utf-8
host: localhost:3134
accept: */*

Response DefaultHttpResponse(decodeResult: success, version: HTTP/1.1)
HTTP/1.1 200 OK
Content-Length: 88
Content-Type: application/json; charset=utf-8
cache-control: no-cache

13:15:26.512 [AsyncHttpClient-3-1] DEBUG o.a.netty.channel.ChannelManager - Adding key: http://localhost:3134 for channel [id: 0xc5021433, L:/127.0.0.1:53176 - R:localhost/127.0.0.1:3134]
13:15:26.524 [Forwarding getElementAttribute on session f68485d1803475eaa3fb67b208fad1c7 to remote] DEBUG o.a.netty.request.NettyRequestSender - Using pooled Channel '[id: 0xc5021433, L:/127.0.0.1:53176 - R:localhost/127.0.0.1:3134]' for 'POST' to 'http://localhost:3134/session/f68485d1803475eaa3fb67b208fad1c7/execute/sync'
13:15:26.524 [Forwarding getElementAttribute on session f68485d1803475eaa3fb67b208fad1c7 to remote] DEBUG o.a.netty.request.NettyRequestSender - Using open Channel [id: 0xc5021433, L:/127.0.0.1:53176 - R:localhost/127.0.0.1:3134] for POST '/session/f68485d1803475eaa3fb67b208fad1c7/execute/sync'
13:15:26.540 [AsyncHttpClient-3-1] DEBUG o.a.netty.handler.HttpHandler - 

Request DefaultHttpRequest(decodeResult: success, version: HTTP/1.1)
POST /session/f68485d1803475eaa3fb67b208fad1c7/execute/sync HTTP/1.1
User-Agent: selenium/4.0.0-alpha-6 (java windows)
Content-Length: 39635
Content-Type: application/json; charset=utf-8
host: localhost:3134
accept: */*

Response DefaultHttpResponse(decodeResult: success, version: HTTP/1.1)
HTTP/1.1 200 OK
Content-Length: 12
Content-Type: application/json; charset=utf-8
cache-control: no-cache

13:15:26.544 [AsyncHttpClient-3-1] DEBUG o.a.netty.channel.ChannelManager - Adding key: http://localhost:3134 for channel [id: 0xc5021433, L:/127.0.0.1:53176 - R:localhost/127.0.0.1:3134]
13:15:26.544 [Forwarding findElement on session f68485d1803475eaa3fb67b208fad1c7 to remote] DEBUG o.a.netty.request.NettyRequestSender - Using pooled Channel '[id: 0xc5021433, L:/127.0.0.1:53176 - R:localhost/127.0.0.1:3134]' for 'POST' to 'http://localhost:3134/session/f68485d1803475eaa3fb67b208fad1c7/element'
13:15:26.544 [Forwarding findElement on session f68485d1803475eaa3fb67b208fad1c7 to remote] DEBUG o.a.netty.request.NettyRequestSender - Using open Channel [id: 0xc5021433, L:/127.0.0.1:53176 - R:localhost/127.0.0.1:3134] for POST '/session/f68485d1803475eaa3fb67b208fad1c7/element'
13:15:26.556 [AsyncHttpClient-3-1] DEBUG o.a.netty.handler.HttpHandler - 

Request DefaultHttpRequest(decodeResult: success, version: HTTP/1.1)
POST /session/f68485d1803475eaa3fb67b208fad1c7/element HTTP/1.1
User-Agent: selenium/4.0.0-alpha-6 (java windows)
Content-Length: 62
Content-Type: application/json; charset=utf-8
host: localhost:3134
accept: */*

Response DefaultHttpResponse(decodeResult: success, version: HTTP/1.1)
HTTP/1.1 200 OK
Content-Length: 88
Content-Type: application/json; charset=utf-8
cache-control: no-cache

13:15:26.556 [AsyncHttpClient-3-1] DEBUG o.a.netty.channel.ChannelManager - Adding key: http://localhost:3134 for channel [id: 0xc5021433, L:/127.0.0.1:53176 - R:localhost/127.0.0.1:3134]
13:15:26.560 [Forwarding clearElement on session f68485d1803475eaa3fb67b208fad1c7 to remote] DEBUG o.a.netty.request.NettyRequestSender - Using pooled Channel '[id: 0xc5021433, L:/127.0.0.1:53176 - R:localhost/127.0.0.1:3134]' for 'POST' to 'http://localhost:3134/session/f68485d1803475eaa3fb67b208fad1c7/element/9d1f165d-32ea-452b-85a6-65bada9d08d2/clear'
13:15:26.560 [Forwarding clearElement on session f68485d1803475eaa3fb67b208fad1c7 to remote] DEBUG o.a.netty.request.NettyRequestSender - Using open Channel [id: 0xc5021433, L:/127.0.0.1:53176 - R:localhost/127.0.0.1:3134] for POST '/session/f68485d1803475eaa3fb67b208fad1c7/element/9d1f165d-32ea-452b-85a6-65bada9d08d2/clear'
13:15:26.591 [AsyncHttpClient-3-1] DEBUG o.a.netty.handler.HttpHandler - 

Request DefaultHttpRequest(decodeResult: success, version: HTTP/1.1)
POST /session/f68485d1803475eaa3fb67b208fad1c7/element/9d1f165d-32ea-452b-85a6-65bada9d08d2/clear HTTP/1.1
User-Agent: selenium/4.0.0-alpha-6 (java windows)
Content-Length: 50
Content-Type: application/json; charset=utf-8
host: localhost:3134
accept: */*

Response DefaultHttpResponse(decodeResult: success, version: HTTP/1.1)
HTTP/1.1 200 OK
Content-Length: 14
Content-Type: application/json; charset=utf-8
cache-control: no-cache

13:15:26.591 [AsyncHttpClient-3-1] DEBUG o.a.netty.channel.ChannelManager - Adding key: http://localhost:3134 for channel [id: 0xc5021433, L:/127.0.0.1:53176 - R:localhost/127.0.0.1:3134]
13:15:26.591 [Forwarding findElement on session f68485d1803475eaa3fb67b208fad1c7 to remote] DEBUG o.a.netty.request.NettyRequestSender - Using pooled Channel '[id: 0xc5021433, L:/127.0.0.1:53176 - R:localhost/127.0.0.1:3134]' for 'POST' to 'http://localhost:3134/session/f68485d1803475eaa3fb67b208fad1c7/element'
13:15:26.591 [Forwarding findElement on session f68485d1803475eaa3fb67b208fad1c7 to remote] DEBUG o.a.netty.request.NettyRequestSender - Using open Channel [id: 0xc5021433, L:/127.0.0.1:53176 - R:localhost/127.0.0.1:3134] for POST '/session/f68485d1803475eaa3fb67b208fad1c7/element'
13:15:26.607 [AsyncHttpClient-3-1] DEBUG o.a.netty.handler.HttpHandler - 

Request DefaultHttpRequest(decodeResult: success, version: HTTP/1.1)
POST /session/f68485d1803475eaa3fb67b208fad1c7/element HTTP/1.1
User-Agent: selenium/4.0.0-alpha-6 (java windows)
Content-Length: 62
Content-Type: application/json; charset=utf-8
host: localhost:3134
accept: */*

Response DefaultHttpResponse(decodeResult: success, version: HTTP/1.1)
HTTP/1.1 200 OK
Content-Length: 88
Content-Type: application/json; charset=utf-8
cache-control: no-cache

13:15:26.608 [AsyncHttpClient-3-1] DEBUG o.a.netty.channel.ChannelManager - Adding key: http://localhost:3134 for channel [id: 0xc5021433, L:/127.0.0.1:53176 - R:localhost/127.0.0.1:3134]
13:15:26.608 [Forwarding sendKeysToElement on session f68485d1803475eaa3fb67b208fad1c7 to remote] DEBUG o.a.netty.request.NettyRequestSender - Using pooled Channel '[id: 0xc5021433, L:/127.0.0.1:53176 - R:localhost/127.0.0.1:3134]' for 'POST' to 'http://localhost:3134/session/f68485d1803475eaa3fb67b208fad1c7/element/9d1f165d-32ea-452b-85a6-65bada9d08d2/value'
13:15:26.608 [Forwarding sendKeysToElement on session f68485d1803475eaa3fb67b208fad1c7 to remote] DEBUG o.a.netty.request.NettyRequestSender - Using open Channel [id: 0xc5021433, L:/127.0.0.1:53176 - R:localhost/127.0.0.1:3134] for POST '/session/f68485d1803475eaa3fb67b208fad1c7/element/9d1f165d-32ea-452b-85a6-65bada9d08d2/value'
13:15:26.639 [AsyncHttpClient-3-1] DEBUG o.a.netty.handler.HttpHandler - 

Request DefaultHttpRequest(decodeResult: success, version: HTTP/1.1)
POST /session/f68485d1803475eaa3fb67b208fad1c7/element/9d1f165d-32ea-452b-85a6-65bada9d08d2/value HTTP/1.1
User-Agent: selenium/4.0.0-alpha-6 (java windows)
Content-Length: 121
Content-Type: application/json; charset=utf-8
host: localhost:3134
accept: */*

Response DefaultHttpResponse(decodeResult: success, version: HTTP/1.1)
HTTP/1.1 200 OK
Content-Length: 14
Content-Type: application/json; charset=utf-8
cache-control: no-cache

13:15:26.639 [AsyncHttpClient-3-1] DEBUG o.a.netty.channel.ChannelManager - Adding key: http://localhost:3134 for channel [id: 0xc5021433, L:/127.0.0.1:53176 - R:localhost/127.0.0.1:3134]
13:15:26.650 [Forwarding findElement on session f68485d1803475eaa3fb67b208fad1c7 to remote] DEBUG o.a.netty.request.NettyRequestSender - Using pooled Channel '[id: 0xc5021433, L:/127.0.0.1:53176 - R:localhost/127.0.0.1:3134]' for 'POST' to 'http://localhost:3134/session/f68485d1803475eaa3fb67b208fad1c7/element'
13:15:26.651 [Forwarding findElement on session f68485d1803475eaa3fb67b208fad1c7 to remote] DEBUG o.a.netty.request.NettyRequestSender - Using open Channel [id: 0xc5021433, L:/127.0.0.1:53176 - R:localhost/127.0.0.1:3134] for POST '/session/f68485d1803475eaa3fb67b208fad1c7/element'
13:15:26.655 [AsyncHttpClient-3-1] DEBUG o.a.netty.handler.HttpHandler - 

Request DefaultHttpRequest(decodeResult: success, version: HTTP/1.1)
POST /session/f68485d1803475eaa3fb67b208fad1c7/element HTTP/1.1
User-Agent: selenium/4.0.0-alpha-6 (java windows)
Content-Length: 64
Content-Type: application/json; charset=utf-8
host: localhost:3134
accept: */*

Response DefaultHttpResponse(decodeResult: success, version: HTTP/1.1)
HTTP/1.1 200 OK
Content-Length: 88
Content-Type: application/json; charset=utf-8
cache-control: no-cache

13:15:26.655 [AsyncHttpClient-3-1] DEBUG o.a.netty.channel.ChannelManager - Adding key: http://localhost:3134 for channel [id: 0xc5021433, L:/127.0.0.1:53176 - R:localhost/127.0.0.1:3134]
13:15:26.655 [Forwarding clickElement on session f68485d1803475eaa3fb67b208fad1c7 to remote] DEBUG o.a.netty.request.NettyRequestSender - Using pooled Channel '[id: 0xc5021433, L:/127.0.0.1:53176 - R:localhost/127.0.0.1:3134]' for 'POST' to 'http://localhost:3134/session/f68485d1803475eaa3fb67b208fad1c7/element/83db5f2d-6775-4e6f-816d-48019a748b56/click'
13:15:26.655 [Forwarding clickElement on session f68485d1803475eaa3fb67b208fad1c7 to remote] DEBUG o.a.netty.request.NettyRequestSender - Using open Channel [id: 0xc5021433, L:/127.0.0.1:53176 - R:localhost/127.0.0.1:3134] for POST '/session/f68485d1803475eaa3fb67b208fad1c7/element/83db5f2d-6775-4e6f-816d-48019a748b56/click'
13:15:26.691 [AsyncHttpClient-timer-1-1] DEBUG o.a.netty.channel.DefaultChannelPool - Entry count for : http://localhost:53180 : 1
13:15:27.464 [AsyncHttpClient-3-1] DEBUG o.a.netty.handler.HttpHandler - 

Request DefaultHttpRequest(decodeResult: success, version: HTTP/1.1)
POST /session/f68485d1803475eaa3fb67b208fad1c7/element/83db5f2d-6775-4e6f-816d-48019a748b56/click HTTP/1.1
User-Agent: selenium/4.0.0-alpha-6 (java windows)
Content-Length: 50
Content-Type: application/json; charset=utf-8
host: localhost:3134
accept: */*

Response DefaultHttpResponse(decodeResult: success, version: HTTP/1.1)
HTTP/1.1 200 OK
Content-Length: 14
Content-Type: application/json; charset=utf-8
cache-control: no-cache

13:15:27.464 [AsyncHttpClient-3-1] DEBUG o.a.netty.channel.ChannelManager - Adding key: http://localhost:3134 for channel [id: 0xc5021433, L:/127.0.0.1:53176 - R:localhost/127.0.0.1:3134]
13:15:27.468 [Forwarding findElement on session f68485d1803475eaa3fb67b208fad1c7 to remote] DEBUG o.a.netty.request.NettyRequestSender - Using pooled Channel '[id: 0xc5021433, L:/127.0.0.1:53176 - R:localhost/127.0.0.1:3134]' for 'POST' to 'http://localhost:3134/session/f68485d1803475eaa3fb67b208fad1c7/element'
13:15:27.468 [Forwarding findElement on session f68485d1803475eaa3fb67b208fad1c7 to remote] DEBUG o.a.netty.request.NettyRequestSender - Using open Channel [id: 0xc5021433, L:/127.0.0.1:53176 - R:localhost/127.0.0.1:3134] for POST '/session/f68485d1803475eaa3fb67b208fad1c7/element'
13:15:27.484 [AsyncHttpClient-3-1] DEBUG o.a.netty.handler.HttpHandler - 

Request DefaultHttpRequest(decodeResult: success, version: HTTP/1.1)
POST /session/f68485d1803475eaa3fb67b208fad1c7/element HTTP/1.1
User-Agent: selenium/4.0.0-alpha-6 (java windows)
Content-Length: 113
Content-Type: application/json; charset=utf-8
host: localhost:3134
accept: */*

Response DefaultHttpResponse(decodeResult: success, version: HTTP/1.1)
HTTP/1.1 200 OK
Content-Length: 88
Content-Type: application/json; charset=utf-8
cache-control: no-cache

13:15:27.484 [AsyncHttpClient-3-1] DEBUG o.a.netty.channel.ChannelManager - Adding key: http://localhost:3134 for channel [id: 0xc5021433, L:/127.0.0.1:53176 - R:localhost/127.0.0.1:3134]
13:15:27.488 [Forwarding clickElement on session f68485d1803475eaa3fb67b208fad1c7 to remote] DEBUG o.a.netty.request.NettyRequestSender - Using pooled Channel '[id: 0xc5021433, L:/127.0.0.1:53176 - R:localhost/127.0.0.1:3134]' for 'POST' to 'http://localhost:3134/session/f68485d1803475eaa3fb67b208fad1c7/element/a404fc8b-ede7-44b6-b117-9813d7a2e2e8/click'
13:15:27.488 [Forwarding clickElement on session f68485d1803475eaa3fb67b208fad1c7 to remote] DEBUG o.a.netty.request.NettyRequestSender - Using open Channel [id: 0xc5021433, L:/127.0.0.1:53176 - R:localhost/127.0.0.1:3134] for POST '/session/f68485d1803475eaa3fb67b208fad1c7/element/a404fc8b-ede7-44b6-b117-9813d7a2e2e8/click'
13:15:27.742 [AsyncHttpClient-3-1] DEBUG o.a.netty.handler.HttpHandler - 

Request DefaultHttpRequest(decodeResult: success, version: HTTP/1.1)
POST /session/f68485d1803475eaa3fb67b208fad1c7/element/a404fc8b-ede7-44b6-b117-9813d7a2e2e8/click HTTP/1.1
User-Agent: selenium/4.0.0-alpha-6 (java windows)
Content-Length: 50
Content-Type: application/json; charset=utf-8
host: localhost:3134
accept: */*

Response DefaultHttpResponse(decodeResult: success, version: HTTP/1.1)
HTTP/1.1 200 OK
Content-Length: 14
Content-Type: application/json; charset=utf-8
cache-control: no-cache

13:15:27.742 [AsyncHttpClient-3-1] DEBUG o.a.netty.channel.ChannelManager - Adding key: http://localhost:3134 for channel [id: 0xc5021433, L:/127.0.0.1:53176 - R:localhost/127.0.0.1:3134]
13:15:27.746 [Forwarding findElement on session f68485d1803475eaa3fb67b208fad1c7 to remote] DEBUG o.a.netty.request.NettyRequestSender - Using pooled Channel '[id: 0xc5021433, L:/127.0.0.1:53176 - R:localhost/127.0.0.1:3134]' for 'POST' to 'http://localhost:3134/session/f68485d1803475eaa3fb67b208fad1c7/element'
13:15:27.746 [Forwarding findElement on session f68485d1803475eaa3fb67b208fad1c7 to remote] DEBUG o.a.netty.request.NettyRequestSender - Using open Channel [id: 0xc5021433, L:/127.0.0.1:53176 - R:localhost/127.0.0.1:3134] for POST '/session/f68485d1803475eaa3fb67b208fad1c7/element'
13:15:27.766 [AsyncHttpClient-3-1] DEBUG o.a.netty.handler.HttpHandler - 

Request DefaultHttpRequest(decodeResult: success, version: HTTP/1.1)
POST /session/f68485d1803475eaa3fb67b208fad1c7/element HTTP/1.1
User-Agent: selenium/4.0.0-alpha-6 (java windows)
Content-Length: 95
Content-Type: application/json; charset=utf-8
host: localhost:3134
accept: */*

Response DefaultHttpResponse(decodeResult: success, version: HTTP/1.1)
HTTP/1.1 200 OK
Content-Length: 88
Content-Type: application/json; charset=utf-8
cache-control: no-cache

13:15:27.766 [AsyncHttpClient-3-1] DEBUG o.a.netty.channel.ChannelManager - Adding key: http://localhost:3134 for channel [id: 0xc5021433, L:/127.0.0.1:53176 - R:localhost/127.0.0.1:3134]
13:15:27.766 [Forwarding clickElement on session f68485d1803475eaa3fb67b208fad1c7 to remote] DEBUG o.a.netty.request.NettyRequestSender - Using pooled Channel '[id: 0xc5021433, L:/127.0.0.1:53176 - R:localhost/127.0.0.1:3134]' for 'POST' to 'http://localhost:3134/session/f68485d1803475eaa3fb67b208fad1c7/element/cea58dbc-9578-4c53-8bcb-b65542babfdb/click'
13:15:27.766 [Forwarding clickElement on session f68485d1803475eaa3fb67b208fad1c7 to remote] DEBUG o.a.netty.request.NettyRequestSender - Using open Channel [id: 0xc5021433, L:/127.0.0.1:53176 - R:localhost/127.0.0.1:3134] for POST '/session/f68485d1803475eaa3fb67b208fad1c7/element/cea58dbc-9578-4c53-8bcb-b65542babfdb/click'
13:15:27.794 [AsyncHttpClient-timer-1-1] DEBUG o.a.netty.channel.DefaultChannelPool - Entry count for : http://localhost:53180 : 1
13:15:28.247 [AsyncHttpClient-3-1] DEBUG o.a.netty.handler.HttpHandler - 

Request DefaultHttpRequest(decodeResult: success, version: HTTP/1.1)
POST /session/f68485d1803475eaa3fb67b208fad1c7/element/cea58dbc-9578-4c53-8bcb-b65542babfdb/click HTTP/1.1
User-Agent: selenium/4.0.0-alpha-6 (java windows)
Content-Length: 50
Content-Type: application/json; charset=utf-8
host: localhost:3134
accept: */*

Response DefaultHttpResponse(decodeResult: success, version: HTTP/1.1)
HTTP/1.1 200 OK
Content-Length: 14
Content-Type: application/json; charset=utf-8
cache-control: no-cache

13:15:28.247 [AsyncHttpClient-3-1] DEBUG o.a.netty.channel.ChannelManager - Adding key: http://localhost:3134 for channel [id: 0xc5021433, L:/127.0.0.1:53176 - R:localhost/127.0.0.1:3134]
13:15:28.255 [Forwarding findElement on session f68485d1803475eaa3fb67b208fad1c7 to remote] DEBUG o.a.netty.request.NettyRequestSender - Using pooled Channel '[id: 0xc5021433, L:/127.0.0.1:53176 - R:localhost/127.0.0.1:3134]' for 'POST' to 'http://localhost:3134/session/f68485d1803475eaa3fb67b208fad1c7/element'
13:15:28.255 [Forwarding findElement on session f68485d1803475eaa3fb67b208fad1c7 to remote] DEBUG o.a.netty.request.NettyRequestSender - Using open Channel [id: 0xc5021433, L:/127.0.0.1:53176 - R:localhost/127.0.0.1:3134] for POST '/session/f68485d1803475eaa3fb67b208fad1c7/element'
13:15:28.284 [AsyncHttpClient-3-1] DEBUG o.a.netty.handler.HttpHandler - 

Request DefaultHttpRequest(decodeResult: success, version: HTTP/1.1)
POST /session/f68485d1803475eaa3fb67b208fad1c7/element HTTP/1.1
User-Agent: selenium/4.0.0-alpha-6 (java windows)
Content-Length: 146
Content-Type: application/json; charset=utf-8
host: localhost:3134
accept: */*

Response DefaultHttpResponse(decodeResult: success, version: HTTP/1.1)
HTTP/1.1 200 OK
Content-Length: 88
Content-Type: application/json; charset=utf-8
cache-control: no-cache

13:15:28.285 [AsyncHttpClient-3-1] DEBUG o.a.netty.channel.ChannelManager - Adding key: http://localhost:3134 for channel [id: 0xc5021433, L:/127.0.0.1:53176 - R:localhost/127.0.0.1:3134]
13:15:28.290 [Forwarding clickElement on session f68485d1803475eaa3fb67b208fad1c7 to remote] DEBUG o.a.netty.request.NettyRequestSender - Using pooled Channel '[id: 0xc5021433, L:/127.0.0.1:53176 - R:localhost/127.0.0.1:3134]' for 'POST' to 'http://localhost:3134/session/f68485d1803475eaa3fb67b208fad1c7/element/8868b9b3-59ea-4599-a630-36467b195c67/click'
13:15:28.290 [Forwarding clickElement on session f68485d1803475eaa3fb67b208fad1c7 to remote] DEBUG o.a.netty.request.NettyRequestSender - Using open Channel [id: 0xc5021433, L:/127.0.0.1:53176 - R:localhost/127.0.0.1:3134] for POST '/session/f68485d1803475eaa3fb67b208fad1c7/element/8868b9b3-59ea-4599-a630-36467b195c67/click'
13:15:28.729 [AsyncHttpClient-3-1] DEBUG o.a.netty.handler.HttpHandler - 

Request DefaultHttpRequest(decodeResult: success, version: HTTP/1.1)
POST /session/f68485d1803475eaa3fb67b208fad1c7/element/8868b9b3-59ea-4599-a630-36467b195c67/click HTTP/1.1
User-Agent: selenium/4.0.0-alpha-6 (java windows)
Content-Length: 50
Content-Type: application/json; charset=utf-8
host: localhost:3134
accept: */*

Response DefaultHttpResponse(decodeResult: success, version: HTTP/1.1)
HTTP/1.1 200 OK
Content-Length: 14
Content-Type: application/json; charset=utf-8
cache-control: no-cache

13:15:28.729 [AsyncHttpClient-3-1] DEBUG o.a.netty.channel.ChannelManager - Adding key: http://localhost:3134 for channel [id: 0xc5021433, L:/127.0.0.1:53176 - R:localhost/127.0.0.1:3134]
13:15:28.733 [Forwarding findElement on session f68485d1803475eaa3fb67b208fad1c7 to remote] DEBUG o.a.netty.request.NettyRequestSender - Using pooled Channel '[id: 0xc5021433, L:/127.0.0.1:53176 - R:localhost/127.0.0.1:3134]' for 'POST' to 'http://localhost:3134/session/f68485d1803475eaa3fb67b208fad1c7/element'
13:15:28.733 [Forwarding findElement on session f68485d1803475eaa3fb67b208fad1c7 to remote] DEBUG o.a.netty.request.NettyRequestSender - Using open Channel [id: 0xc5021433, L:/127.0.0.1:53176 - R:localhost/127.0.0.1:3134] for POST '/session/f68485d1803475eaa3fb67b208fad1c7/element'
13:15:28.754 [AsyncHttpClient-3-1] DEBUG o.a.netty.handler.HttpHandler - 

Request DefaultHttpRequest(decodeResult: success, version: HTTP/1.1)
POST /session/f68485d1803475eaa3fb67b208fad1c7/element HTTP/1.1
User-Agent: selenium/4.0.0-alpha-6 (java windows)
Content-Length: 73
Content-Type: application/json; charset=utf-8
host: localhost:3134
accept: */*

Response DefaultHttpResponse(decodeResult: success, version: HTTP/1.1)
HTTP/1.1 200 OK
Content-Length: 88
Content-Type: application/json; charset=utf-8
cache-control: no-cache

13:15:28.754 [AsyncHttpClient-3-1] DEBUG o.a.netty.channel.ChannelManager - Adding key: http://localhost:3134 for channel [id: 0xc5021433, L:/127.0.0.1:53176 - R:localhost/127.0.0.1:3134]
13:15:28.755 [Forwarding clickElement on session f68485d1803475eaa3fb67b208fad1c7 to remote] DEBUG o.a.netty.request.NettyRequestSender - Using pooled Channel '[id: 0xc5021433, L:/127.0.0.1:53176 - R:localhost/127.0.0.1:3134]' for 'POST' to 'http://localhost:3134/session/f68485d1803475eaa3fb67b208fad1c7/element/a67f99d4-f066-43f5-a2f4-60ae06add2ff/click'
13:15:28.755 [Forwarding clickElement on session f68485d1803475eaa3fb67b208fad1c7 to remote] DEBUG o.a.netty.request.NettyRequestSender - Using open Channel [id: 0xc5021433, L:/127.0.0.1:53176 - R:localhost/127.0.0.1:3134] for POST '/session/f68485d1803475eaa3fb67b208fad1c7/element/a67f99d4-f066-43f5-a2f4-60ae06add2ff/click'
13:15:28.890 [AsyncHttpClient-timer-1-1] DEBUG o.a.netty.channel.DefaultChannelPool - Entry count for : http://localhost:53180 : 1
13:15:28.996 [org.subethamail.smtp.server.Session-/0:0:0:0:0:0:0:1:53206] DEBUG org.subethamail.smtp.server.Session - SMTP connection from 0:0:0:0:0:0:0:1/0:0:0:0:0:0:0:1, new connection count: 1
13:15:28.996 [org.subethamail.smtp.server.Session-/0:0:0:0:0:0:0:1:53206] DEBUG org.subethamail.smtp.server.Session - Server: 220 192.168.1.214 ESMTP SubEthaSMTP 3.1.7
13:15:28.996 [org.subethamail.smtp.server.Session-/0:0:0:0:0:0:0:1:53206] DEBUG org.subethamail.smtp.server.Session - Client: EHLO localhost
13:15:28.996 [org.subethamail.smtp.server.Session-/0:0:0:0:0:0:0:1:53206] DEBUG org.subethamail.smtp.server.Session - Server: 250-192.168.1.214
250-8BITMIME
250 Ok
13:15:28.996 [org.subethamail.smtp.server.Session-/0:0:0:0:0:0:0:1:53206] DEBUG org.subethamail.smtp.server.Session - Client: MAIL FROM:<admin@example.com>
13:15:29.015 [org.subethamail.smtp.server.Session-/0:0:0:0:0:0:0:1:53206] DEBUG org.subethamail.smtp.server.Session - Server: 250 Ok
13:15:29.015 [org.subethamail.smtp.server.Session-/0:0:0:0:0:0:0:1:53206] DEBUG org.subethamail.smtp.server.Session - Client: RCPT TO:<user1606989846164@localhost.localdomain>
13:15:29.015 [org.subethamail.smtp.server.Session-/0:0:0:0:0:0:0:1:53206] DEBUG org.subethamail.wiser.Wiser - Accepting mail from admin@example.com to user1606989846164@localhost.localdomain
13:15:29.015 [org.subethamail.smtp.server.Session-/0:0:0:0:0:0:0:1:53206] DEBUG org.subethamail.smtp.server.Session - Server: 250 Ok
13:15:29.015 [org.subethamail.smtp.server.Session-/0:0:0:0:0:0:0:1:53206] DEBUG org.subethamail.smtp.server.Session - Client: DATA
13:15:29.015 [org.subethamail.smtp.server.Session-/0:0:0:0:0:0:0:1:53206] DEBUG org.subethamail.smtp.server.Session - Server: 354 End data with <CR><LF>.<CR><LF>
13:15:29.031 [org.subethamail.smtp.server.Session-/0:0:0:0:0:0:0:1:53206] DEBUG org.subethamail.wiser.Wiser - Delivering mail from admin@example.com to user1606989846164@localhost.localdomain
13:15:29.031 [org.subethamail.smtp.server.Session-/0:0:0:0:0:0:0:1:53206] DEBUG org.subethamail.wiser.Wiser - Creating message from data with 1167 bytes
13:15:29.039 [org.subethamail.smtp.server.Session-/0:0:0:0:0:0:0:1:53206] DEBUG org.subethamail.smtp.server.Session - Server: 250 Ok
13:15:29.039 [org.subethamail.smtp.server.Session-/0:0:0:0:0:0:0:1:53206] DEBUG org.subethamail.smtp.server.Session - Client: RSET
13:15:29.039 [org.subethamail.smtp.server.Session-/0:0:0:0:0:0:0:1:53206] DEBUG org.subethamail.smtp.server.Session - Server: 250 Ok
13:15:29.039 [org.subethamail.smtp.server.Session-/0:0:0:0:0:0:0:1:53206] DEBUG org.subethamail.smtp.server.Session - Client: quit
13:15:29.039 [org.subethamail.smtp.server.Session-/0:0:0:0:0:0:0:1:53206] DEBUG org.subethamail.smtp.server.Session - Server: 221 Bye
13:15:29.115 [AsyncHttpClient-3-1] DEBUG o.a.netty.handler.HttpHandler - 

Request DefaultHttpRequest(decodeResult: success, version: HTTP/1.1)
POST /session/f68485d1803475eaa3fb67b208fad1c7/element/a67f99d4-f066-43f5-a2f4-60ae06add2ff/click HTTP/1.1
User-Agent: selenium/4.0.0-alpha-6 (java windows)
Content-Length: 50
Content-Type: application/json; charset=utf-8
host: localhost:3134
accept: */*

Response DefaultHttpResponse(decodeResult: success, version: HTTP/1.1)
HTTP/1.1 200 OK
Content-Length: 14
Content-Type: application/json; charset=utf-8
cache-control: no-cache

13:15:29.119 [AsyncHttpClient-3-1] DEBUG o.a.netty.channel.ChannelManager - Adding key: http://localhost:3134 for channel [id: 0xc5021433, L:/127.0.0.1:53176 - R:localhost/127.0.0.1:3134]
13:15:29.197 [Forwarding get on session f68485d1803475eaa3fb67b208fad1c7 to remote] DEBUG o.a.netty.request.NettyRequestSender - Using pooled Channel '[id: 0xc5021433, L:/127.0.0.1:53176 - R:localhost/127.0.0.1:3134]' for 'POST' to 'http://localhost:3134/session/f68485d1803475eaa3fb67b208fad1c7/url'
13:15:29.197 [Forwarding get on session f68485d1803475eaa3fb67b208fad1c7 to remote] DEBUG o.a.netty.request.NettyRequestSender - Using open Channel [id: 0xc5021433, L:/127.0.0.1:53176 - R:localhost/127.0.0.1:3134] for POST '/session/f68485d1803475eaa3fb67b208fad1c7/url'
13:15:29.526 [AsyncHttpClient-3-1] DEBUG o.a.netty.handler.HttpHandler - 

Request DefaultHttpRequest(decodeResult: success, version: HTTP/1.1)
POST /session/f68485d1803475eaa3fb67b208fad1c7/url HTTP/1.1
User-Agent: selenium/4.0.0-alpha-6 (java windows)
Content-Length: 134
Content-Type: application/json; charset=utf-8
host: localhost:3134
accept: */*

Response DefaultHttpResponse(decodeResult: success, version: HTTP/1.1)
HTTP/1.1 200 OK
Content-Length: 14
Content-Type: application/json; charset=utf-8
cache-control: no-cache

13:15:29.526 [AsyncHttpClient-3-1] DEBUG o.a.netty.channel.ChannelManager - Adding key: http://localhost:3134 for channel [id: 0xc5021433, L:/127.0.0.1:53176 - R:localhost/127.0.0.1:3134]
13:15:29.526 [Forwarding findElement on session f68485d1803475eaa3fb67b208fad1c7 to remote] DEBUG o.a.netty.request.NettyRequestSender - Using pooled Channel '[id: 0xc5021433, L:/127.0.0.1:53176 - R:localhost/127.0.0.1:3134]' for 'POST' to 'http://localhost:3134/session/f68485d1803475eaa3fb67b208fad1c7/element'
13:15:29.526 [Forwarding findElement on session f68485d1803475eaa3fb67b208fad1c7 to remote] DEBUG o.a.netty.request.NettyRequestSender - Using open Channel [id: 0xc5021433, L:/127.0.0.1:53176 - R:localhost/127.0.0.1:3134] for POST '/session/f68485d1803475eaa3fb67b208fad1c7/element'
13:15:29.542 [AsyncHttpClient-3-1] DEBUG o.a.netty.handler.HttpHandler - 

Request DefaultHttpRequest(decodeResult: success, version: HTTP/1.1)
POST /session/f68485d1803475eaa3fb67b208fad1c7/element HTTP/1.1
User-Agent: selenium/4.0.0-alpha-6 (java windows)
Content-Length: 62
Content-Type: application/json; charset=utf-8
host: localhost:3134
accept: */*

Response DefaultHttpResponse(decodeResult: success, version: HTTP/1.1)
HTTP/1.1 200 OK
Content-Length: 88
Content-Type: application/json; charset=utf-8
cache-control: no-cache

13:15:29.542 [AsyncHttpClient-3-1] DEBUG o.a.netty.channel.ChannelManager - Adding key: http://localhost:3134 for channel [id: 0xc5021433, L:/127.0.0.1:53176 - R:localhost/127.0.0.1:3134]
13:15:29.542 [Forwarding clickElement on session f68485d1803475eaa3fb67b208fad1c7 to remote] DEBUG o.a.netty.request.NettyRequestSender - Using pooled Channel '[id: 0xc5021433, L:/127.0.0.1:53176 - R:localhost/127.0.0.1:3134]' for 'POST' to 'http://localhost:3134/session/f68485d1803475eaa3fb67b208fad1c7/element/d755df72-694f-48f3-a586-1bd0e1006afd/click'
13:15:29.542 [Forwarding clickElement on session f68485d1803475eaa3fb67b208fad1c7 to remote] DEBUG o.a.netty.request.NettyRequestSender - Using open Channel [id: 0xc5021433, L:/127.0.0.1:53176 - R:localhost/127.0.0.1:3134] for POST '/session/f68485d1803475eaa3fb67b208fad1c7/element/d755df72-694f-48f3-a586-1bd0e1006afd/click'
13:15:29.590 [AsyncHttpClient-3-1] DEBUG o.a.netty.handler.HttpHandler - 

Request DefaultHttpRequest(decodeResult: success, version: HTTP/1.1)
POST /session/f68485d1803475eaa3fb67b208fad1c7/element/d755df72-694f-48f3-a586-1bd0e1006afd/click HTTP/1.1
User-Agent: selenium/4.0.0-alpha-6 (java windows)
Content-Length: 50
Content-Type: application/json; charset=utf-8
host: localhost:3134
accept: */*

Response DefaultHttpResponse(decodeResult: success, version: HTTP/1.1)
HTTP/1.1 200 OK
Content-Length: 14
Content-Type: application/json; charset=utf-8
cache-control: no-cache

13:15:29.598 [AsyncHttpClient-3-1] DEBUG o.a.netty.channel.ChannelManager - Adding key: http://localhost:3134 for channel [id: 0xc5021433, L:/127.0.0.1:53176 - R:localhost/127.0.0.1:3134]
13:15:29.598 [Forwarding findElement on session f68485d1803475eaa3fb67b208fad1c7 to remote] DEBUG o.a.netty.request.NettyRequestSender - Using pooled Channel '[id: 0xc5021433, L:/127.0.0.1:53176 - R:localhost/127.0.0.1:3134]' for 'POST' to 'http://localhost:3134/session/f68485d1803475eaa3fb67b208fad1c7/element'
13:15:29.598 [Forwarding findElement on session f68485d1803475eaa3fb67b208fad1c7 to remote] DEBUG o.a.netty.request.NettyRequestSender - Using open Channel [id: 0xc5021433, L:/127.0.0.1:53176 - R:localhost/127.0.0.1:3134] for POST '/session/f68485d1803475eaa3fb67b208fad1c7/element'
13:15:29.606 [AsyncHttpClient-3-1] DEBUG o.a.netty.handler.HttpHandler - 

Request DefaultHttpRequest(decodeResult: success, version: HTTP/1.1)
POST /session/f68485d1803475eaa3fb67b208fad1c7/element HTTP/1.1
User-Agent: selenium/4.0.0-alpha-6 (java windows)
Content-Length: 62
Content-Type: application/json; charset=utf-8
host: localhost:3134
accept: */*

Response DefaultHttpResponse(decodeResult: success, version: HTTP/1.1)
HTTP/1.1 200 OK
Content-Length: 88
Content-Type: application/json; charset=utf-8
cache-control: no-cache

13:15:29.606 [AsyncHttpClient-3-1] DEBUG o.a.netty.channel.ChannelManager - Adding key: http://localhost:3134 for channel [id: 0xc5021433, L:/127.0.0.1:53176 - R:localhost/127.0.0.1:3134]
13:15:29.623 [Forwarding getElementAttribute on session f68485d1803475eaa3fb67b208fad1c7 to remote] DEBUG o.a.netty.request.NettyRequestSender - Using pooled Channel '[id: 0xc5021433, L:/127.0.0.1:53176 - R:localhost/127.0.0.1:3134]' for 'POST' to 'http://localhost:3134/session/f68485d1803475eaa3fb67b208fad1c7/execute/sync'
13:15:29.623 [Forwarding getElementAttribute on session f68485d1803475eaa3fb67b208fad1c7 to remote] DEBUG o.a.netty.request.NettyRequestSender - Using open Channel [id: 0xc5021433, L:/127.0.0.1:53176 - R:localhost/127.0.0.1:3134] for POST '/session/f68485d1803475eaa3fb67b208fad1c7/execute/sync'
13:15:29.631 [AsyncHttpClient-3-1] DEBUG o.a.netty.handler.HttpHandler - 

Request DefaultHttpRequest(decodeResult: success, version: HTTP/1.1)
POST /session/f68485d1803475eaa3fb67b208fad1c7/execute/sync HTTP/1.1
User-Agent: selenium/4.0.0-alpha-6 (java windows)
Content-Length: 39635
Content-Type: application/json; charset=utf-8
host: localhost:3134
accept: */*

Response DefaultHttpResponse(decodeResult: success, version: HTTP/1.1)
HTTP/1.1 200 OK
Content-Length: 12
Content-Type: application/json; charset=utf-8
cache-control: no-cache

13:15:29.631 [AsyncHttpClient-3-1] DEBUG o.a.netty.channel.ChannelManager - Adding key: http://localhost:3134 for channel [id: 0xc5021433, L:/127.0.0.1:53176 - R:localhost/127.0.0.1:3134]
13:15:29.639 [Forwarding findElement on session f68485d1803475eaa3fb67b208fad1c7 to remote] DEBUG o.a.netty.request.NettyRequestSender - Using pooled Channel '[id: 0xc5021433, L:/127.0.0.1:53176 - R:localhost/127.0.0.1:3134]' for 'POST' to 'http://localhost:3134/session/f68485d1803475eaa3fb67b208fad1c7/element'
13:15:29.639 [Forwarding findElement on session f68485d1803475eaa3fb67b208fad1c7 to remote] DEBUG o.a.netty.request.NettyRequestSender - Using open Channel [id: 0xc5021433, L:/127.0.0.1:53176 - R:localhost/127.0.0.1:3134] for POST '/session/f68485d1803475eaa3fb67b208fad1c7/element'
13:15:29.647 [AsyncHttpClient-3-1] DEBUG o.a.netty.handler.HttpHandler - 

Request DefaultHttpRequest(decodeResult: success, version: HTTP/1.1)
POST /session/f68485d1803475eaa3fb67b208fad1c7/element HTTP/1.1
User-Agent: selenium/4.0.0-alpha-6 (java windows)
Content-Length: 62
Content-Type: application/json; charset=utf-8
host: localhost:3134
accept: */*

Response DefaultHttpResponse(decodeResult: success, version: HTTP/1.1)
HTTP/1.1 200 OK
Content-Length: 88
Content-Type: application/json; charset=utf-8
cache-control: no-cache

13:15:29.647 [AsyncHttpClient-3-1] DEBUG o.a.netty.channel.ChannelManager - Adding key: http://localhost:3134 for channel [id: 0xc5021433, L:/127.0.0.1:53176 - R:localhost/127.0.0.1:3134]
13:15:29.647 [Forwarding clearElement on session f68485d1803475eaa3fb67b208fad1c7 to remote] DEBUG o.a.netty.request.NettyRequestSender - Using pooled Channel '[id: 0xc5021433, L:/127.0.0.1:53176 - R:localhost/127.0.0.1:3134]' for 'POST' to 'http://localhost:3134/session/f68485d1803475eaa3fb67b208fad1c7/element/d755df72-694f-48f3-a586-1bd0e1006afd/clear'
13:15:29.647 [Forwarding clearElement on session f68485d1803475eaa3fb67b208fad1c7 to remote] DEBUG o.a.netty.request.NettyRequestSender - Using open Channel [id: 0xc5021433, L:/127.0.0.1:53176 - R:localhost/127.0.0.1:3134] for POST '/session/f68485d1803475eaa3fb67b208fad1c7/element/d755df72-694f-48f3-a586-1bd0e1006afd/clear'
13:15:29.683 [AsyncHttpClient-3-1] DEBUG o.a.netty.handler.HttpHandler - 

Request DefaultHttpRequest(decodeResult: success, version: HTTP/1.1)
POST /session/f68485d1803475eaa3fb67b208fad1c7/element/d755df72-694f-48f3-a586-1bd0e1006afd/clear HTTP/1.1
User-Agent: selenium/4.0.0-alpha-6 (java windows)
Content-Length: 50
Content-Type: application/json; charset=utf-8
host: localhost:3134
accept: */*

Response DefaultHttpResponse(decodeResult: success, version: HTTP/1.1)
HTTP/1.1 200 OK
Content-Length: 14
Content-Type: application/json; charset=utf-8
cache-control: no-cache

13:15:29.683 [AsyncHttpClient-3-1] DEBUG o.a.netty.channel.ChannelManager - Adding key: http://localhost:3134 for channel [id: 0xc5021433, L:/127.0.0.1:53176 - R:localhost/127.0.0.1:3134]
13:15:29.687 [Forwarding findElement on session f68485d1803475eaa3fb67b208fad1c7 to remote] DEBUG o.a.netty.request.NettyRequestSender - Using pooled Channel '[id: 0xc5021433, L:/127.0.0.1:53176 - R:localhost/127.0.0.1:3134]' for 'POST' to 'http://localhost:3134/session/f68485d1803475eaa3fb67b208fad1c7/element'
13:15:29.687 [Forwarding findElement on session f68485d1803475eaa3fb67b208fad1c7 to remote] DEBUG o.a.netty.request.NettyRequestSender - Using open Channel [id: 0xc5021433, L:/127.0.0.1:53176 - R:localhost/127.0.0.1:3134] for POST '/session/f68485d1803475eaa3fb67b208fad1c7/element'
13:15:29.695 [AsyncHttpClient-3-1] DEBUG o.a.netty.handler.HttpHandler - 

Request DefaultHttpRequest(decodeResult: success, version: HTTP/1.1)
POST /session/f68485d1803475eaa3fb67b208fad1c7/element HTTP/1.1
User-Agent: selenium/4.0.0-alpha-6 (java windows)
Content-Length: 62
Content-Type: application/json; charset=utf-8
host: localhost:3134
accept: */*

Response DefaultHttpResponse(decodeResult: success, version: HTTP/1.1)
HTTP/1.1 200 OK
Content-Length: 88
Content-Type: application/json; charset=utf-8
cache-control: no-cache

13:15:29.695 [AsyncHttpClient-3-1] DEBUG o.a.netty.channel.ChannelManager - Adding key: http://localhost:3134 for channel [id: 0xc5021433, L:/127.0.0.1:53176 - R:localhost/127.0.0.1:3134]
13:15:29.699 [Forwarding sendKeysToElement on session f68485d1803475eaa3fb67b208fad1c7 to remote] DEBUG o.a.netty.request.NettyRequestSender - Using pooled Channel '[id: 0xc5021433, L:/127.0.0.1:53176 - R:localhost/127.0.0.1:3134]' for 'POST' to 'http://localhost:3134/session/f68485d1803475eaa3fb67b208fad1c7/element/d755df72-694f-48f3-a586-1bd0e1006afd/value'
13:15:29.699 [Forwarding sendKeysToElement on session f68485d1803475eaa3fb67b208fad1c7 to remote] DEBUG o.a.netty.request.NettyRequestSender - Using open Channel [id: 0xc5021433, L:/127.0.0.1:53176 - R:localhost/127.0.0.1:3134] for POST '/session/f68485d1803475eaa3fb67b208fad1c7/element/d755df72-694f-48f3-a586-1bd0e1006afd/value'
13:15:29.747 [AsyncHttpClient-3-1] DEBUG o.a.netty.handler.HttpHandler - 

Request DefaultHttpRequest(decodeResult: success, version: HTTP/1.1)
POST /session/f68485d1803475eaa3fb67b208fad1c7/element/d755df72-694f-48f3-a586-1bd0e1006afd/value HTTP/1.1
User-Agent: selenium/4.0.0-alpha-6 (java windows)
Content-Length: 191
Content-Type: application/json; charset=utf-8
host: localhost:3134
accept: */*

Response DefaultHttpResponse(decodeResult: success, version: HTTP/1.1)
HTTP/1.1 200 OK
Content-Length: 14
Content-Type: application/json; charset=utf-8
cache-control: no-cache

13:15:29.755 [AsyncHttpClient-3-1] DEBUG o.a.netty.channel.ChannelManager - Adding key: http://localhost:3134 for channel [id: 0xc5021433, L:/127.0.0.1:53176 - R:localhost/127.0.0.1:3134]
13:15:29.755 [Forwarding findElement on session f68485d1803475eaa3fb67b208fad1c7 to remote] DEBUG o.a.netty.request.NettyRequestSender - Using pooled Channel '[id: 0xc5021433, L:/127.0.0.1:53176 - R:localhost/127.0.0.1:3134]' for 'POST' to 'http://localhost:3134/session/f68485d1803475eaa3fb67b208fad1c7/element'
13:15:29.755 [Forwarding findElement on session f68485d1803475eaa3fb67b208fad1c7 to remote] DEBUG o.a.netty.request.NettyRequestSender - Using open Channel [id: 0xc5021433, L:/127.0.0.1:53176 - R:localhost/127.0.0.1:3134] for POST '/session/f68485d1803475eaa3fb67b208fad1c7/element'
13:15:29.771 [AsyncHttpClient-3-1] DEBUG o.a.netty.handler.HttpHandler - 

Request DefaultHttpRequest(decodeResult: success, version: HTTP/1.1)
POST /session/f68485d1803475eaa3fb67b208fad1c7/element HTTP/1.1
User-Agent: selenium/4.0.0-alpha-6 (java windows)
Content-Length: 70
Content-Type: application/json; charset=utf-8
host: localhost:3134
accept: */*

Response DefaultHttpResponse(decodeResult: success, version: HTTP/1.1)
HTTP/1.1 200 OK
Content-Length: 88
Content-Type: application/json; charset=utf-8
cache-control: no-cache

13:15:29.771 [AsyncHttpClient-3-1] DEBUG o.a.netty.channel.ChannelManager - Adding key: http://localhost:3134 for channel [id: 0xc5021433, L:/127.0.0.1:53176 - R:localhost/127.0.0.1:3134]
13:15:29.779 [Forwarding clickElement on session f68485d1803475eaa3fb67b208fad1c7 to remote] DEBUG o.a.netty.request.NettyRequestSender - Using pooled Channel '[id: 0xc5021433, L:/127.0.0.1:53176 - R:localhost/127.0.0.1:3134]' for 'POST' to 'http://localhost:3134/session/f68485d1803475eaa3fb67b208fad1c7/element/49cc3029-7a34-4c02-ab41-6c695f7fa68b/click'
13:15:29.779 [Forwarding clickElement on session f68485d1803475eaa3fb67b208fad1c7 to remote] DEBUG o.a.netty.request.NettyRequestSender - Using open Channel [id: 0xc5021433, L:/127.0.0.1:53176 - R:localhost/127.0.0.1:3134] for POST '/session/f68485d1803475eaa3fb67b208fad1c7/element/49cc3029-7a34-4c02-ab41-6c695f7fa68b/click'
13:15:29.838 [AsyncHttpClient-3-1] DEBUG o.a.netty.handler.HttpHandler - 

Request DefaultHttpRequest(decodeResult: success, version: HTTP/1.1)
POST /session/f68485d1803475eaa3fb67b208fad1c7/element/49cc3029-7a34-4c02-ab41-6c695f7fa68b/click HTTP/1.1
User-Agent: selenium/4.0.0-alpha-6 (java windows)
Content-Length: 50
Content-Type: application/json; charset=utf-8
host: localhost:3134
accept: */*

Response DefaultHttpResponse(decodeResult: success, version: HTTP/1.1)
HTTP/1.1 200 OK
Content-Length: 14
Content-Type: application/json; charset=utf-8
cache-control: no-cache

13:15:29.838 [AsyncHttpClient-3-1] DEBUG o.a.netty.channel.ChannelManager - Adding key: http://localhost:3134 for channel [id: 0xc5021433, L:/127.0.0.1:53176 - R:localhost/127.0.0.1:3134]
13:15:29.838 [Forwarding findElement on session f68485d1803475eaa3fb67b208fad1c7 to remote] DEBUG o.a.netty.request.NettyRequestSender - Using pooled Channel '[id: 0xc5021433, L:/127.0.0.1:53176 - R:localhost/127.0.0.1:3134]' for 'POST' to 'http://localhost:3134/session/f68485d1803475eaa3fb67b208fad1c7/element'
13:15:29.838 [Forwarding findElement on session f68485d1803475eaa3fb67b208fad1c7 to remote] DEBUG o.a.netty.request.NettyRequestSender - Using open Channel [id: 0xc5021433, L:/127.0.0.1:53176 - R:localhost/127.0.0.1:3134] for POST '/session/f68485d1803475eaa3fb67b208fad1c7/element'
13:15:29.854 [AsyncHttpClient-3-1] DEBUG o.a.netty.handler.HttpHandler - 

Request DefaultHttpRequest(decodeResult: success, version: HTTP/1.1)
POST /session/f68485d1803475eaa3fb67b208fad1c7/element HTTP/1.1
User-Agent: selenium/4.0.0-alpha-6 (java windows)
Content-Length: 70
Content-Type: application/json; charset=utf-8
host: localhost:3134
accept: */*

Response DefaultHttpResponse(decodeResult: success, version: HTTP/1.1)
HTTP/1.1 200 OK
Content-Length: 88
Content-Type: application/json; charset=utf-8
cache-control: no-cache

13:15:29.854 [AsyncHttpClient-3-1] DEBUG o.a.netty.channel.ChannelManager - Adding key: http://localhost:3134 for channel [id: 0xc5021433, L:/127.0.0.1:53176 - R:localhost/127.0.0.1:3134]
13:15:29.862 [Forwarding getElementAttribute on session f68485d1803475eaa3fb67b208fad1c7 to remote] DEBUG o.a.netty.request.NettyRequestSender - Using pooled Channel '[id: 0xc5021433, L:/127.0.0.1:53176 - R:localhost/127.0.0.1:3134]' for 'POST' to 'http://localhost:3134/session/f68485d1803475eaa3fb67b208fad1c7/execute/sync'
13:15:29.862 [Forwarding getElementAttribute on session f68485d1803475eaa3fb67b208fad1c7 to remote] DEBUG o.a.netty.request.NettyRequestSender - Using open Channel [id: 0xc5021433, L:/127.0.0.1:53176 - R:localhost/127.0.0.1:3134] for POST '/session/f68485d1803475eaa3fb67b208fad1c7/execute/sync'
13:15:29.870 [AsyncHttpClient-3-1] DEBUG o.a.netty.handler.HttpHandler - 

Request DefaultHttpRequest(decodeResult: success, version: HTTP/1.1)
POST /session/f68485d1803475eaa3fb67b208fad1c7/execute/sync HTTP/1.1
User-Agent: selenium/4.0.0-alpha-6 (java windows)
Content-Length: 39635
Content-Type: application/json; charset=utf-8
host: localhost:3134
accept: */*

Response DefaultHttpResponse(decodeResult: success, version: HTTP/1.1)
HTTP/1.1 200 OK
Content-Length: 12
Content-Type: application/json; charset=utf-8
cache-control: no-cache

13:15:29.878 [AsyncHttpClient-3-1] DEBUG o.a.netty.channel.ChannelManager - Adding key: http://localhost:3134 for channel [id: 0xc5021433, L:/127.0.0.1:53176 - R:localhost/127.0.0.1:3134]
13:15:29.878 [Forwarding findElement on session f68485d1803475eaa3fb67b208fad1c7 to remote] DEBUG o.a.netty.request.NettyRequestSender - Using pooled Channel '[id: 0xc5021433, L:/127.0.0.1:53176 - R:localhost/127.0.0.1:3134]' for 'POST' to 'http://localhost:3134/session/f68485d1803475eaa3fb67b208fad1c7/element'
13:15:29.878 [Forwarding findElement on session f68485d1803475eaa3fb67b208fad1c7 to remote] DEBUG o.a.netty.request.NettyRequestSender - Using open Channel [id: 0xc5021433, L:/127.0.0.1:53176 - R:localhost/127.0.0.1:3134] for POST '/session/f68485d1803475eaa3fb67b208fad1c7/element'
13:15:29.886 [AsyncHttpClient-3-1] DEBUG o.a.netty.handler.HttpHandler - 

Request DefaultHttpRequest(decodeResult: success, version: HTTP/1.1)
POST /session/f68485d1803475eaa3fb67b208fad1c7/element HTTP/1.1
User-Agent: selenium/4.0.0-alpha-6 (java windows)
Content-Length: 70
Content-Type: application/json; charset=utf-8
host: localhost:3134
accept: */*

Response DefaultHttpResponse(decodeResult: success, version: HTTP/1.1)
HTTP/1.1 200 OK
Content-Length: 88
Content-Type: application/json; charset=utf-8
cache-control: no-cache

13:15:29.886 [AsyncHttpClient-3-1] DEBUG o.a.netty.channel.ChannelManager - Adding key: http://localhost:3134 for channel [id: 0xc5021433, L:/127.0.0.1:53176 - R:localhost/127.0.0.1:3134]
13:15:29.886 [Forwarding clearElement on session f68485d1803475eaa3fb67b208fad1c7 to remote] DEBUG o.a.netty.request.NettyRequestSender - Using pooled Channel '[id: 0xc5021433, L:/127.0.0.1:53176 - R:localhost/127.0.0.1:3134]' for 'POST' to 'http://localhost:3134/session/f68485d1803475eaa3fb67b208fad1c7/element/49cc3029-7a34-4c02-ab41-6c695f7fa68b/clear'
13:15:29.886 [Forwarding clearElement on session f68485d1803475eaa3fb67b208fad1c7 to remote] DEBUG o.a.netty.request.NettyRequestSender - Using open Channel [id: 0xc5021433, L:/127.0.0.1:53176 - R:localhost/127.0.0.1:3134] for POST '/session/f68485d1803475eaa3fb67b208fad1c7/element/49cc3029-7a34-4c02-ab41-6c695f7fa68b/clear'
13:15:29.931 [AsyncHttpClient-3-1] DEBUG o.a.netty.handler.HttpHandler - 

Request DefaultHttpRequest(decodeResult: success, version: HTTP/1.1)
POST /session/f68485d1803475eaa3fb67b208fad1c7/element/49cc3029-7a34-4c02-ab41-6c695f7fa68b/clear HTTP/1.1
User-Agent: selenium/4.0.0-alpha-6 (java windows)
Content-Length: 50
Content-Type: application/json; charset=utf-8
host: localhost:3134
accept: */*

Response DefaultHttpResponse(decodeResult: success, version: HTTP/1.1)
HTTP/1.1 200 OK
Content-Length: 14
Content-Type: application/json; charset=utf-8
cache-control: no-cache

13:15:29.931 [AsyncHttpClient-3-1] DEBUG o.a.netty.channel.ChannelManager - Adding key: http://localhost:3134 for channel [id: 0xc5021433, L:/127.0.0.1:53176 - R:localhost/127.0.0.1:3134]
13:15:29.933 [Forwarding findElement on session f68485d1803475eaa3fb67b208fad1c7 to remote] DEBUG o.a.netty.request.NettyRequestSender - Using pooled Channel '[id: 0xc5021433, L:/127.0.0.1:53176 - R:localhost/127.0.0.1:3134]' for 'POST' to 'http://localhost:3134/session/f68485d1803475eaa3fb67b208fad1c7/element'
13:15:29.933 [Forwarding findElement on session f68485d1803475eaa3fb67b208fad1c7 to remote] DEBUG o.a.netty.request.NettyRequestSender - Using open Channel [id: 0xc5021433, L:/127.0.0.1:53176 - R:localhost/127.0.0.1:3134] for POST '/session/f68485d1803475eaa3fb67b208fad1c7/element'
13:15:29.940 [AsyncHttpClient-3-1] DEBUG o.a.netty.handler.HttpHandler - 

Request DefaultHttpRequest(decodeResult: success, version: HTTP/1.1)
POST /session/f68485d1803475eaa3fb67b208fad1c7/element HTTP/1.1
User-Agent: selenium/4.0.0-alpha-6 (java windows)
Content-Length: 70
Content-Type: application/json; charset=utf-8
host: localhost:3134
accept: */*

Response DefaultHttpResponse(decodeResult: success, version: HTTP/1.1)
HTTP/1.1 200 OK
Content-Length: 88
Content-Type: application/json; charset=utf-8
cache-control: no-cache

13:15:29.940 [AsyncHttpClient-3-1] DEBUG o.a.netty.channel.ChannelManager - Adding key: http://localhost:3134 for channel [id: 0xc5021433, L:/127.0.0.1:53176 - R:localhost/127.0.0.1:3134]
13:15:29.944 [Forwarding sendKeysToElement on session f68485d1803475eaa3fb67b208fad1c7 to remote] DEBUG o.a.netty.request.NettyRequestSender - Using pooled Channel '[id: 0xc5021433, L:/127.0.0.1:53176 - R:localhost/127.0.0.1:3134]' for 'POST' to 'http://localhost:3134/session/f68485d1803475eaa3fb67b208fad1c7/element/49cc3029-7a34-4c02-ab41-6c695f7fa68b/value'
13:15:29.944 [Forwarding sendKeysToElement on session f68485d1803475eaa3fb67b208fad1c7 to remote] DEBUG o.a.netty.request.NettyRequestSender - Using open Channel [id: 0xc5021433, L:/127.0.0.1:53176 - R:localhost/127.0.0.1:3134] for POST '/session/f68485d1803475eaa3fb67b208fad1c7/element/49cc3029-7a34-4c02-ab41-6c695f7fa68b/value'
13:15:29.980 [AsyncHttpClient-3-1] DEBUG o.a.netty.handler.HttpHandler - 

Request DefaultHttpRequest(decodeResult: success, version: HTTP/1.1)
POST /session/f68485d1803475eaa3fb67b208fad1c7/element/49cc3029-7a34-4c02-ab41-6c695f7fa68b/value HTTP/1.1
User-Agent: selenium/4.0.0-alpha-6 (java windows)
Content-Length: 191
Content-Type: application/json; charset=utf-8
host: localhost:3134
accept: */*

Response DefaultHttpResponse(decodeResult: success, version: HTTP/1.1)
HTTP/1.1 200 OK
Content-Length: 14
Content-Type: application/json; charset=utf-8
cache-control: no-cache

13:15:29.980 [AsyncHttpClient-3-1] DEBUG o.a.netty.channel.ChannelManager - Adding key: http://localhost:3134 for channel [id: 0xc5021433, L:/127.0.0.1:53176 - R:localhost/127.0.0.1:3134]
13:15:29.980 [Forwarding findElement on session f68485d1803475eaa3fb67b208fad1c7 to remote] DEBUG o.a.netty.request.NettyRequestSender - Using pooled Channel '[id: 0xc5021433, L:/127.0.0.1:53176 - R:localhost/127.0.0.1:3134]' for 'POST' to 'http://localhost:3134/session/f68485d1803475eaa3fb67b208fad1c7/element'
13:15:29.980 [Forwarding findElement on session f68485d1803475eaa3fb67b208fad1c7 to remote] DEBUG o.a.netty.request.NettyRequestSender - Using open Channel [id: 0xc5021433, L:/127.0.0.1:53176 - R:localhost/127.0.0.1:3134] for POST '/session/f68485d1803475eaa3fb67b208fad1c7/element'
13:15:29.990 [AsyncHttpClient-timer-1-1] DEBUG o.a.netty.channel.DefaultChannelPool - Entry count for : http://localhost:53180 : 1
13:15:29.990 [AsyncHttpClient-3-1] DEBUG o.a.netty.handler.HttpHandler - 

Request DefaultHttpRequest(decodeResult: success, version: HTTP/1.1)
POST /session/f68485d1803475eaa3fb67b208fad1c7/element HTTP/1.1
User-Agent: selenium/4.0.0-alpha-6 (java windows)
Content-Length: 70
Content-Type: application/json; charset=utf-8
host: localhost:3134
accept: */*

Response DefaultHttpResponse(decodeResult: success, version: HTTP/1.1)
HTTP/1.1 200 OK
Content-Length: 88
Content-Type: application/json; charset=utf-8
cache-control: no-cache

13:15:29.990 [AsyncHttpClient-3-1] DEBUG o.a.netty.channel.ChannelManager - Adding key: http://localhost:3134 for channel [id: 0xc5021433, L:/127.0.0.1:53176 - R:localhost/127.0.0.1:3134]
13:15:29.990 [Forwarding clickElement on session f68485d1803475eaa3fb67b208fad1c7 to remote] DEBUG o.a.netty.request.NettyRequestSender - Using pooled Channel '[id: 0xc5021433, L:/127.0.0.1:53176 - R:localhost/127.0.0.1:3134]' for 'POST' to 'http://localhost:3134/session/f68485d1803475eaa3fb67b208fad1c7/element/b02e1356-d15b-46a4-bdc6-335e065ceb73/click'
13:15:29.990 [Forwarding clickElement on session f68485d1803475eaa3fb67b208fad1c7 to remote] DEBUG o.a.netty.request.NettyRequestSender - Using open Channel [id: 0xc5021433, L:/127.0.0.1:53176 - R:localhost/127.0.0.1:3134] for POST '/session/f68485d1803475eaa3fb67b208fad1c7/element/b02e1356-d15b-46a4-bdc6-335e065ceb73/click'
13:15:30.231 [AsyncHttpClient-3-1] DEBUG o.a.netty.handler.HttpHandler - 

Request DefaultHttpRequest(decodeResult: success, version: HTTP/1.1)
POST /session/f68485d1803475eaa3fb67b208fad1c7/element/b02e1356-d15b-46a4-bdc6-335e065ceb73/click HTTP/1.1
User-Agent: selenium/4.0.0-alpha-6 (java windows)
Content-Length: 50
Content-Type: application/json; charset=utf-8
host: localhost:3134
accept: */*

Response DefaultHttpResponse(decodeResult: success, version: HTTP/1.1)
HTTP/1.1 200 OK
Content-Length: 14
Content-Type: application/json; charset=utf-8
cache-control: no-cache

13:15:30.231 [AsyncHttpClient-3-1] DEBUG o.a.netty.channel.ChannelManager - Adding key: http://localhost:3134 for channel [id: 0xc5021433, L:/127.0.0.1:53176 - R:localhost/127.0.0.1:3134]
13:15:31.090 [AsyncHttpClient-timer-1-1] DEBUG o.a.netty.channel.DefaultChannelPool - Entry count for : http://localhost:3134 : 1
13:15:31.090 [AsyncHttpClient-timer-1-1] DEBUG o.a.netty.channel.DefaultChannelPool - Entry count for : http://localhost:53180 : 1
13:15:31.479 [Test worker] INFO  o.subethamail.smtp.server.SMTPServer - SMTP server *:25 stopping
13:15:31.479 [Test worker] DEBUG o.s.smtp.server.ServerThread - SMTP Server socket shut down
13:15:31.479 [org.subethamail.smtp.server.ServerThread *:25] INFO  o.s.smtp.server.ServerThread - SMTP server *:25 stopped
]]></system-out>
  <system-err><![CDATA[Starting ChromeDriver 86.0.4240.22 (398b0743353ff36fb1b82468f63a3a93b4e2e89e-refs/branch-heads/4240@{#378}) on port 3134
Only local connections are allowed.
Please see https://chromedriver.chromium.org/security-considerations for suggestions on keeping ChromeDriver safe.
ChromeDriver was started successfully.
[1607670923.120][WARNING]: This version of ChromeDriver has not been tested with Chrome version 87.
дек 11, 2020 1:15:25 PM org.openqa.selenium.remote.ProtocolHandshake createSession
INFO: Detected dialect: W3C
]]></system-err>
</testsuite>
