<?xml version="1.0" encoding="UTF-8"?>
<testsuite name="ru.stqa.pft.github.GithubTests" tests="1" skipped="0" failures="0" errors="0" timestamp="2020-12-14T08:20:53" hostname="LAPTOP-4HRQGNJF" time="4.959">
  <properties/>
  <testcase name="testCommits" classname="ru.stqa.pft.github.GithubTests" time="4.959"/>
  <system-out><![CDATA[Задание №20 (не проверен так как не запускается)
Исправления к 19 заданию
Задание №19
9.3
Initial commit
]]></system-out>
  <system-err><![CDATA[SLF4J: Failed to load class "org.slf4j.impl.StaticLoggerBinder".
SLF4J: Defaulting to no-operation (NOP) logger implementation
SLF4J: See http://www.slf4j.org/codes.html#StaticLoggerBinder for further details.
]]></system-err>
</testsuite>
